DEBUG - 2025-07-27 03:34:12 --> Session: Class initialized using 'CodeIgniter\Session\Handlers\FileHandler' driver.
INFO - 2025-07-27 03:34:21 --> CSRF token verified.
DEBUG - 2025-07-27 03:34:21 --> Session: Class initialized using 'CodeIgniter\Session\Handlers\FileHandler' driver.
DEBUG - 2025-07-27 03:34:21 --> Session: Class initialized using 'CodeIgniter\Session\Handlers\FileHandler' driver.
DEBUG - 2025-07-27 03:34:41 --> Session: Class initialized using 'CodeIgniter\Session\Handlers\FileHandler' driver.
DEBUG - 2025-07-27 03:34:41 --> Session: Class initialized using 'CodeIgniter\Session\Handlers\FileHandler' driver.
INFO - 2025-07-27 03:34:45 --> CSRF token verified.
DEBUG - 2025-07-27 03:34:45 --> Session: Class initialized using 'CodeIgniter\Session\Handlers\FileHandler' driver.
DEBUG - 2025-07-27 03:34:45 --> Session: Class initialized using 'CodeIgniter\Session\Handlers\FileHandler' driver.
DEBUG - 2025-07-27 03:34:56 --> Session: Class initialized using 'CodeIgniter\Session\Handlers\FileHandler' driver.
DEBUG - 2025-07-27 03:34:56 --> Session: Class initialized using 'CodeIgniter\Session\Handlers\FileHandler' driver.
DEBUG - 2025-07-27 03:34:59 --> Session: Class initialized using 'CodeIgniter\Session\Handlers\FileHandler' driver.
INFO - 2025-07-27 03:35:02 --> CSRF token verified.
DEBUG - 2025-07-27 03:35:02 --> Session: Class initialized using 'CodeIgniter\Session\Handlers\FileHandler' driver.
DEBUG - 2025-07-27 03:35:02 --> Session: Class initialized using 'CodeIgniter\Session\Handlers\FileHandler' driver.
DEBUG - 2025-07-27 03:35:05 --> Session: Class initialized using 'CodeIgniter\Session\Handlers\FileHandler' driver.
DEBUG - 2025-07-27 03:35:05 --> Session: Class initialized using 'CodeIgniter\Session\Handlers\FileHandler' driver.
INFO - 2025-07-27 03:35:11 --> CSRF token verified.
DEBUG - 2025-07-27 03:35:11 --> Session: Class initialized using 'CodeIgniter\Session\Handlers\FileHandler' driver.
DEBUG - 2025-07-27 03:35:12 --> Session: Class initialized using 'CodeIgniter\Session\Handlers\FileHandler' driver.
DEBUG - 2025-07-27 03:35:34 --> Session: Class initialized using 'CodeIgniter\Session\Handlers\FileHandler' driver.
DEBUG - 2025-07-27 03:36:05 --> Session: Class initialized using 'CodeIgniter\Session\Handlers\FileHandler' driver.
DEBUG - 2025-07-27 03:36:16 --> Session: Class initialized using 'CodeIgniter\Session\Handlers\FileHandler' driver.
INFO - 2025-07-27 03:36:19 --> CSRF token verified.
DEBUG - 2025-07-27 03:36:19 --> Session: Class initialized using 'CodeIgniter\Session\Handlers\FileHandler' driver.
DEBUG - 2025-07-27 03:36:19 --> Session: Class initialized using 'CodeIgniter\Session\Handlers\FileHandler' driver.
DEBUG - 2025-07-27 03:36:20 --> Session: Class initialized using 'CodeIgniter\Session\Handlers\FileHandler' driver.
DEBUG - 2025-07-27 03:36:21 --> Komerce API Provinces Response: {"meta":{"message":"Success Get Province","code":200,"status":"success"},"data":[{"id":1,"name":"NUSA TENGGARA BARAT (NTB)"},{"id":2,"name":"MALUKU"},{"id":3,"name":"KALIMANTAN SELATAN"},{"id":4,"name":"KALIMANTAN TENGAH"},{"id":5,"name":"JAWA BARAT"},{"id":6,"name":"BENGKULU"},{"id":7,"name":"KALIMANTAN TIMUR"},{"id":8,"name":"KEPULAUAN RIAU"},{"id":9,"name":"NANGGROE ACEH DARUSSALAM (NAD)"},{"id":10,"name":"DKI JAKARTA"},{"id":11,"name":"BANTEN"},{"id":12,"name":"JAWA TENGAH"},{"id":13,"name":"JAMBI"},{"id":14,"name":"PAPUA"},{"id":15,"name":"BALI"},{"id":16,"name":"SUMATERA UTARA"},{"id":17,"name":"GORONTALO"},{"id":18,"name":"JAWA TIMUR"},{"id":19,"name":"DI YOGYAKARTA"},{"id":20,"name":"SULAWESI TENGGARA"},{"id":21,"name":"NUSA TENGGARA TIMUR (NTT)"},{"id":22,"name":"SULAWESI UTARA"},{"id":23,"name":"SUMATERA BARAT"},{"id":24,"name":"BANGKA BELITUNG"},{"id":25,"name":"RIAU"},{"id":26,"name":"SUMATERA SELATAN"},{"id":27,"name":"SULAWESI TENGAH"},{"id":28,"name":"KALIMANTAN BARAT"},{"id":29,"name":"PAPUA BARAT"},{"id":30,"name":"LAMPUNG"},{"id":31,"name":"KALIMANTAN UTARA"},{"id":32,"name":"MALUKU UTARA"},{"id":33,"name":"SULAWESI SELATAN"},{"id":34,"name":"SULAWESI BARAT"}]}
DEBUG - 2025-07-27 03:50:27 --> Session: Class initialized using 'CodeIgniter\Session\Handlers\FileHandler' driver.
DEBUG - 2025-07-27 03:50:28 --> Komerce API Provinces Response: {"meta":{"message":"Success Get Province","code":200,"status":"success"},"data":[{"id":1,"name":"NUSA TENGGARA BARAT (NTB)"},{"id":2,"name":"MALUKU"},{"id":3,"name":"KALIMANTAN SELATAN"},{"id":4,"name":"KALIMANTAN TENGAH"},{"id":5,"name":"JAWA BARAT"},{"id":6,"name":"BENGKULU"},{"id":7,"name":"KALIMANTAN TIMUR"},{"id":8,"name":"KEPULAUAN RIAU"},{"id":9,"name":"NANGGROE ACEH DARUSSALAM (NAD)"},{"id":10,"name":"DKI JAKARTA"},{"id":11,"name":"BANTEN"},{"id":12,"name":"JAWA TENGAH"},{"id":13,"name":"JAMBI"},{"id":14,"name":"PAPUA"},{"id":15,"name":"BALI"},{"id":16,"name":"SUMATERA UTARA"},{"id":17,"name":"GORONTALO"},{"id":18,"name":"JAWA TIMUR"},{"id":19,"name":"DI YOGYAKARTA"},{"id":20,"name":"SULAWESI TENGGARA"},{"id":21,"name":"NUSA TENGGARA TIMUR (NTT)"},{"id":22,"name":"SULAWESI UTARA"},{"id":23,"name":"SUMATERA BARAT"},{"id":24,"name":"BANGKA BELITUNG"},{"id":25,"name":"RIAU"},{"id":26,"name":"SUMATERA SELATAN"},{"id":27,"name":"SULAWESI TENGAH"},{"id":28,"name":"KALIMANTAN BARAT"},{"id":29,"name":"PAPUA BARAT"},{"id":30,"name":"LAMPUNG"},{"id":31,"name":"KALIMANTAN UTARA"},{"id":32,"name":"MALUKU UTARA"},{"id":33,"name":"SULAWESI SELATAN"},{"id":34,"name":"SULAWESI BARAT"}]}
DEBUG - 2025-07-27 03:50:49 --> Session: Class initialized using 'CodeIgniter\Session\Handlers\FileHandler' driver.
DEBUG - 2025-07-27 03:50:50 --> Komerce API Provinces Response: {"meta":{"message":"Success Get Province","code":200,"status":"success"},"data":[{"id":1,"name":"NUSA TENGGARA BARAT (NTB)"},{"id":2,"name":"MALUKU"},{"id":3,"name":"KALIMANTAN SELATAN"},{"id":4,"name":"KALIMANTAN TENGAH"},{"id":5,"name":"JAWA BARAT"},{"id":6,"name":"BENGKULU"},{"id":7,"name":"KALIMANTAN TIMUR"},{"id":8,"name":"KEPULAUAN RIAU"},{"id":9,"name":"NANGGROE ACEH DARUSSALAM (NAD)"},{"id":10,"name":"DKI JAKARTA"},{"id":11,"name":"BANTEN"},{"id":12,"name":"JAWA TENGAH"},{"id":13,"name":"JAMBI"},{"id":14,"name":"PAPUA"},{"id":15,"name":"BALI"},{"id":16,"name":"SUMATERA UTARA"},{"id":17,"name":"GORONTALO"},{"id":18,"name":"JAWA TIMUR"},{"id":19,"name":"DI YOGYAKARTA"},{"id":20,"name":"SULAWESI TENGGARA"},{"id":21,"name":"NUSA TENGGARA TIMUR (NTT)"},{"id":22,"name":"SULAWESI UTARA"},{"id":23,"name":"SUMATERA BARAT"},{"id":24,"name":"BANGKA BELITUNG"},{"id":25,"name":"RIAU"},{"id":26,"name":"SUMATERA SELATAN"},{"id":27,"name":"SULAWESI TENGAH"},{"id":28,"name":"KALIMANTAN BARAT"},{"id":29,"name":"PAPUA BARAT"},{"id":30,"name":"LAMPUNG"},{"id":31,"name":"KALIMANTAN UTARA"},{"id":32,"name":"MALUKU UTARA"},{"id":33,"name":"SULAWESI SELATAN"},{"id":34,"name":"SULAWESI BARAT"}]}
DEBUG - 2025-07-27 04:11:53 --> Session: Class initialized using 'CodeIgniter\Session\Handlers\FileHandler' driver.
DEBUG - 2025-07-27 04:11:54 --> Komerce API Provinces Response: {"meta":{"message":"Success Get Province","code":200,"status":"success"},"data":[{"id":1,"name":"NUSA TENGGARA BARAT (NTB)"},{"id":2,"name":"MALUKU"},{"id":3,"name":"KALIMANTAN SELATAN"},{"id":4,"name":"KALIMANTAN TENGAH"},{"id":5,"name":"JAWA BARAT"},{"id":6,"name":"BENGKULU"},{"id":7,"name":"KALIMANTAN TIMUR"},{"id":8,"name":"KEPULAUAN RIAU"},{"id":9,"name":"NANGGROE ACEH DARUSSALAM (NAD)"},{"id":10,"name":"DKI JAKARTA"},{"id":11,"name":"BANTEN"},{"id":12,"name":"JAWA TENGAH"},{"id":13,"name":"JAMBI"},{"id":14,"name":"PAPUA"},{"id":15,"name":"BALI"},{"id":16,"name":"SUMATERA UTARA"},{"id":17,"name":"GORONTALO"},{"id":18,"name":"JAWA TIMUR"},{"id":19,"name":"DI YOGYAKARTA"},{"id":20,"name":"SULAWESI TENGGARA"},{"id":21,"name":"NUSA TENGGARA TIMUR (NTT)"},{"id":22,"name":"SULAWESI UTARA"},{"id":23,"name":"SUMATERA BARAT"},{"id":24,"name":"BANGKA BELITUNG"},{"id":25,"name":"RIAU"},{"id":26,"name":"SUMATERA SELATAN"},{"id":27,"name":"SULAWESI TENGAH"},{"id":28,"name":"KALIMANTAN BARAT"},{"id":29,"name":"PAPUA BARAT"},{"id":30,"name":"LAMPUNG"},{"id":31,"name":"KALIMANTAN UTARA"},{"id":32,"name":"MALUKU UTARA"},{"id":33,"name":"SULAWESI SELATAN"},{"id":34,"name":"SULAWESI BARAT"}]}
DEBUG - 2025-07-27 04:11:58 --> Session: Class initialized using 'CodeIgniter\Session\Handlers\FileHandler' driver.
DEBUG - 2025-07-27 04:12:44 --> Session: Class initialized using 'CodeIgniter\Session\Handlers\FileHandler' driver.
INFO - 2025-07-27 04:12:50 --> CSRF token verified.
DEBUG - 2025-07-27 04:12:50 --> Session: Class initialized using 'CodeIgniter\Session\Handlers\FileHandler' driver.
DEBUG - 2025-07-27 04:12:50 --> Session: Class initialized using 'CodeIgniter\Session\Handlers\FileHandler' driver.
DEBUG - 2025-07-27 04:12:51 --> Session: Class initialized using 'CodeIgniter\Session\Handlers\FileHandler' driver.
DEBUG - 2025-07-27 04:12:52 --> Komerce API Provinces Response: {"meta":{"message":"Success Get Province","code":200,"status":"success"},"data":[{"id":1,"name":"NUSA TENGGARA BARAT (NTB)"},{"id":2,"name":"MALUKU"},{"id":3,"name":"KALIMANTAN SELATAN"},{"id":4,"name":"KALIMANTAN TENGAH"},{"id":5,"name":"JAWA BARAT"},{"id":6,"name":"BENGKULU"},{"id":7,"name":"KALIMANTAN TIMUR"},{"id":8,"name":"KEPULAUAN RIAU"},{"id":9,"name":"NANGGROE ACEH DARUSSALAM (NAD)"},{"id":10,"name":"DKI JAKARTA"},{"id":11,"name":"BANTEN"},{"id":12,"name":"JAWA TENGAH"},{"id":13,"name":"JAMBI"},{"id":14,"name":"PAPUA"},{"id":15,"name":"BALI"},{"id":16,"name":"SUMATERA UTARA"},{"id":17,"name":"GORONTALO"},{"id":18,"name":"JAWA TIMUR"},{"id":19,"name":"DI YOGYAKARTA"},{"id":20,"name":"SULAWESI TENGGARA"},{"id":21,"name":"NUSA TENGGARA TIMUR (NTT)"},{"id":22,"name":"SULAWESI UTARA"},{"id":23,"name":"SUMATERA BARAT"},{"id":24,"name":"BANGKA BELITUNG"},{"id":25,"name":"RIAU"},{"id":26,"name":"SUMATERA SELATAN"},{"id":27,"name":"SULAWESI TENGAH"},{"id":28,"name":"KALIMANTAN BARAT"},{"id":29,"name":"PAPUA BARAT"},{"id":30,"name":"LAMPUNG"},{"id":31,"name":"KALIMANTAN UTARA"},{"id":32,"name":"MALUKU UTARA"},{"id":33,"name":"SULAWESI SELATAN"},{"id":34,"name":"SULAWESI BARAT"}]}
DEBUG - 2025-07-27 04:13:00 --> Komerce API Cities Response: {"meta":{"message":"Success Get City By Province ID","code":200,"status":"success"},"data":[{"id":251,"name":"GORONTALO"},{"id":252,"name":"GORONTALO UTARA"},{"id":253,"name":"BOALEMO"},{"id":254,"name":"BONE BOLANGO"},{"id":255,"name":"POHUWATO"}]}
DEBUG - 2025-07-27 04:13:03 --> Komerce API Cost Response: {"meta":{"message":"Success Calculate Domestic Shipping cost","code":200,"status":"success"},"data":[{"name":"Jalur Nugraha Ekakurir (JNE)","code":"jne","service":"REG","description":"Layanan Reguler","cost":81000,"etd":"6 day"}]}
INFO - 2025-07-27 04:13:06 --> CSRF token verified.
DEBUG - 2025-07-27 04:13:06 --> Session: Class initialized using 'CodeIgniter\Session\Handlers\FileHandler' driver.
DEBUG - 2025-07-27 04:24:32 --> Session: Class initialized using 'CodeIgniter\Session\Handlers\FileHandler' driver.
DEBUG - 2025-07-27 04:24:38 --> Session: Class initialized using 'CodeIgniter\Session\Handlers\FileHandler' driver.
DEBUG - 2025-07-27 04:24:38 --> Session: Class initialized using 'CodeIgniter\Session\Handlers\FileHandler' driver.
INFO - 2025-07-27 04:24:42 --> CSRF token verified.
DEBUG - 2025-07-27 04:24:42 --> Session: Class initialized using 'CodeIgniter\Session\Handlers\FileHandler' driver.
DEBUG - 2025-07-27 04:24:42 --> Session: Class initialized using 'CodeIgniter\Session\Handlers\FileHandler' driver.
DEBUG - 2025-07-27 04:28:59 --> Session: Class initialized using 'CodeIgniter\Session\Handlers\FileHandler' driver.
DEBUG - 2025-07-27 04:28:59 --> Session: Class initialized using 'CodeIgniter\Session\Handlers\FileHandler' driver.
INFO - 2025-07-27 04:29:02 --> CSRF token verified.
DEBUG - 2025-07-27 04:29:02 --> Session: Class initialized using 'CodeIgniter\Session\Handlers\FileHandler' driver.
DEBUG - 2025-07-27 04:29:02 --> Session: Class initialized using 'CodeIgniter\Session\Handlers\FileHandler' driver.
DEBUG - 2025-07-27 04:29:19 --> Session: Class initialized using 'CodeIgniter\Session\Handlers\FileHandler' driver.
DEBUG - 2025-07-27 04:29:24 --> Session: Class initialized using 'CodeIgniter\Session\Handlers\FileHandler' driver.
DEBUG - 2025-07-27 04:29:25 --> Session: Class initialized using 'CodeIgniter\Session\Handlers\FileHandler' driver.
DEBUG - 2025-07-27 04:30:10 --> Session: Class initialized using 'CodeIgniter\Session\Handlers\FileHandler' driver.
INFO - 2025-07-27 04:30:15 --> CSRF token verified.
DEBUG - 2025-07-27 04:30:15 --> Session: Class initialized using 'CodeIgniter\Session\Handlers\FileHandler' driver.
DEBUG - 2025-07-27 04:30:16 --> Session: Class initialized using 'CodeIgniter\Session\Handlers\FileHandler' driver.
DEBUG - 2025-07-27 04:30:17 --> Session: Class initialized using 'CodeIgniter\Session\Handlers\FileHandler' driver.
DEBUG - 2025-07-27 04:30:17 --> Komerce API Provinces Response: {"meta":{"message":"Success Get Province","code":200,"status":"success"},"data":[{"id":1,"name":"NUSA TENGGARA BARAT (NTB)"},{"id":2,"name":"MALUKU"},{"id":3,"name":"KALIMANTAN SELATAN"},{"id":4,"name":"KALIMANTAN TENGAH"},{"id":5,"name":"JAWA BARAT"},{"id":6,"name":"BENGKULU"},{"id":7,"name":"KALIMANTAN TIMUR"},{"id":8,"name":"KEPULAUAN RIAU"},{"id":9,"name":"NANGGROE ACEH DARUSSALAM (NAD)"},{"id":10,"name":"DKI JAKARTA"},{"id":11,"name":"BANTEN"},{"id":12,"name":"JAWA TENGAH"},{"id":13,"name":"JAMBI"},{"id":14,"name":"PAPUA"},{"id":15,"name":"BALI"},{"id":16,"name":"SUMATERA UTARA"},{"id":17,"name":"GORONTALO"},{"id":18,"name":"JAWA TIMUR"},{"id":19,"name":"DI YOGYAKARTA"},{"id":20,"name":"SULAWESI TENGGARA"},{"id":21,"name":"NUSA TENGGARA TIMUR (NTT)"},{"id":22,"name":"SULAWESI UTARA"},{"id":23,"name":"SUMATERA BARAT"},{"id":24,"name":"BANGKA BELITUNG"},{"id":25,"name":"RIAU"},{"id":26,"name":"SUMATERA SELATAN"},{"id":27,"name":"SULAWESI TENGAH"},{"id":28,"name":"KALIMANTAN BARAT"},{"id":29,"name":"PAPUA BARAT"},{"id":30,"name":"LAMPUNG"},{"id":31,"name":"KALIMANTAN UTARA"},{"id":32,"name":"MALUKU UTARA"},{"id":33,"name":"SULAWESI SELATAN"},{"id":34,"name":"SULAWESI BARAT"}]}
DEBUG - 2025-07-27 04:30:27 --> Session: Class initialized using 'CodeIgniter\Session\Handlers\FileHandler' driver.
DEBUG - 2025-07-27 04:30:28 --> Session: Class initialized using 'CodeIgniter\Session\Handlers\FileHandler' driver.
INFO - 2025-07-27 04:30:37 --> CSRF token verified.
DEBUG - 2025-07-27 04:30:37 --> Session: Class initialized using 'CodeIgniter\Session\Handlers\FileHandler' driver.
DEBUG - 2025-07-27 04:30:37 --> Session: Class initialized using 'CodeIgniter\Session\Handlers\FileHandler' driver.
DEBUG - 2025-07-27 04:30:41 --> Session: Class initialized using 'CodeIgniter\Session\Handlers\FileHandler' driver.
DEBUG - 2025-07-27 04:30:41 --> Session: Class initialized using 'CodeIgniter\Session\Handlers\FileHandler' driver.
