DEBUG - 2025-08-03 07:33:08 --> Session: Class initialized using 'CodeIgniter\Session\Handlers\FileHandler' driver.
INFO - 2025-08-03 07:33:13 --> CSRF token verified.
DEBUG - 2025-08-03 07:33:13 --> Session: Class initialized using 'CodeIgniter\Session\Handlers\FileHandler' driver.
DEBUG - 2025-08-03 07:33:13 --> Session: Class initialized using 'CodeIgniter\Session\Handlers\FileHandler' driver.
DEBUG - 2025-08-03 07:34:32 --> Session: Class initialized using 'CodeIgniter\Session\Handlers\FileHandler' driver.
DEBUG - 2025-08-03 07:34:35 --> Session: Class initialized using 'CodeIgniter\Session\Handlers\FileHandler' driver.
DEBUG - 2025-08-03 07:34:35 --> Session: Class initialized using 'CodeIgniter\Session\Handlers\FileHandler' driver.
INFO - 2025-08-03 07:34:39 --> CSRF token verified.
DEBUG - 2025-08-03 07:34:39 --> Session: Class initialized using 'CodeIgniter\Session\Handlers\FileHandler' driver.
DEBUG - 2025-08-03 07:34:39 --> Session: Class initialized using 'CodeIgniter\Session\Handlers\FileHandler' driver.
DEBUG - 2025-08-03 07:34:46 --> Session: Class initialized using 'CodeIgniter\Session\Handlers\FileHandler' driver.
DEBUG - 2025-08-03 07:34:46 --> Session: Class initialized using 'CodeIgniter\Session\Handlers\FileHandler' driver.
INFO - 2025-08-03 07:34:53 --> CSRF token verified.
DEBUG - 2025-08-03 07:34:53 --> Session: Class initialized using 'CodeIgniter\Session\Handlers\FileHandler' driver.
DEBUG - 2025-08-03 07:34:53 --> Session: Class initialized using 'CodeIgniter\Session\Handlers\FileHandler' driver.
DEBUG - 2025-08-03 08:01:31 --> Session: Class initialized using 'CodeIgniter\Session\Handlers\FileHandler' driver.
CRITICAL - 2025-08-03 08:01:32 --> CodeIgniter\Filters\Exceptions\FilterException: "role" filter must have a matching alias defined.
[Method: GET, Route: promo]
in SYSTEMPATH\Filters\Filters.php on line 590.
 1 SYSTEMPATH\Filters\Filters.php(590): CodeIgniter\Filters\Exceptions\FilterException::forNoAlias('role')
 2 SYSTEMPATH\Filters\Filters.php(641): CodeIgniter\Filters\Filters->enableFilter('role:pemilik', 'before')
 3 SYSTEMPATH\CodeIgniter.php(467): CodeIgniter\Filters\Filters->enableFilters([...], 'before')
 4 SYSTEMPATH\CodeIgniter.php(354): CodeIgniter\CodeIgniter->handleRequest(null, Object(Config\Cache), false)
 5 SYSTEMPATH\Boot.php(334): CodeIgniter\CodeIgniter->run()
 6 SYSTEMPATH\Boot.php(67): CodeIgniter\Boot::runCodeIgniter(Object(CodeIgniter\CodeIgniter))
 7 FCPATH\index.php(59): CodeIgniter\Boot::bootWeb(Object(Config\Paths))
DEBUG - 2025-08-03 08:02:25 --> Session: Class initialized using 'CodeIgniter\Session\Handlers\FileHandler' driver.
DEBUG - 2025-08-03 08:02:26 --> Session: Class initialized using 'CodeIgniter\Session\Handlers\FileHandler' driver.
CRITICAL - 2025-08-03 08:02:28 --> CodeIgniter\Filters\Exceptions\FilterException: "role" filter must have a matching alias defined.
[Method: GET, Route: promo]
in SYSTEMPATH\Filters\Filters.php on line 590.
 1 SYSTEMPATH\Filters\Filters.php(590): CodeIgniter\Filters\Exceptions\FilterException::forNoAlias('role')
 2 SYSTEMPATH\Filters\Filters.php(641): CodeIgniter\Filters\Filters->enableFilter('role:pemilik', 'before')
 3 SYSTEMPATH\CodeIgniter.php(467): CodeIgniter\Filters\Filters->enableFilters([...], 'before')
 4 SYSTEMPATH\CodeIgniter.php(354): CodeIgniter\CodeIgniter->handleRequest(null, Object(Config\Cache), false)
 5 SYSTEMPATH\Boot.php(334): CodeIgniter\CodeIgniter->run()
 6 SYSTEMPATH\Boot.php(67): CodeIgniter\Boot::runCodeIgniter(Object(CodeIgniter\CodeIgniter))
 7 FCPATH\index.php(59): CodeIgniter\Boot::bootWeb(Object(Config\Paths))
DEBUG - 2025-08-03 08:04:25 --> Session: Class initialized using 'CodeIgniter\Session\Handlers\FileHandler' driver.
DEBUG - 2025-08-03 08:04:31 --> Session: Class initialized using 'CodeIgniter\Session\Handlers\FileHandler' driver.
DEBUG - 2025-08-03 08:04:31 --> Session: Class initialized using 'CodeIgniter\Session\Handlers\FileHandler' driver.
DEBUG - 2025-08-03 08:04:34 --> Session: Class initialized using 'CodeIgniter\Session\Handlers\FileHandler' driver.
DEBUG - 2025-08-03 08:04:34 --> Session: Class initialized using 'CodeIgniter\Session\Handlers\FileHandler' driver.
DEBUG - 2025-08-03 08:07:12 --> Session: Class initialized using 'CodeIgniter\Session\Handlers\FileHandler' driver.
DEBUG - 2025-08-03 08:07:42 --> Session: Class initialized using 'CodeIgniter\Session\Handlers\FileHandler' driver.
DEBUG - 2025-08-03 08:07:54 --> Session: Class initialized using 'CodeIgniter\Session\Handlers\FileHandler' driver.
DEBUG - 2025-08-03 08:08:02 --> Session: Class initialized using 'CodeIgniter\Session\Handlers\FileHandler' driver.
DEBUG - 2025-08-03 08:08:46 --> Session: Class initialized using 'CodeIgniter\Session\Handlers\FileHandler' driver.
DEBUG - 2025-08-03 08:08:58 --> Session: Class initialized using 'CodeIgniter\Session\Handlers\FileHandler' driver.
DEBUG - 2025-08-03 08:10:04 --> Session: Class initialized using 'CodeIgniter\Session\Handlers\FileHandler' driver.
DEBUG - 2025-08-03 08:12:01 --> Session: Class initialized using 'CodeIgniter\Session\Handlers\FileHandler' driver.
DEBUG - 2025-08-03 08:12:03 --> Session: Class initialized using 'CodeIgniter\Session\Handlers\FileHandler' driver.
DEBUG - 2025-08-03 08:12:03 --> Session: Class initialized using 'CodeIgniter\Session\Handlers\FileHandler' driver.
DEBUG - 2025-08-03 08:12:05 --> Session: Class initialized using 'CodeIgniter\Session\Handlers\FileHandler' driver.
DEBUG - 2025-08-03 08:12:06 --> Session: Class initialized using 'CodeIgniter\Session\Handlers\FileHandler' driver.
DEBUG - 2025-08-03 08:12:08 --> Session: Class initialized using 'CodeIgniter\Session\Handlers\FileHandler' driver.
DEBUG - 2025-08-03 08:12:08 --> Session: Class initialized using 'CodeIgniter\Session\Handlers\FileHandler' driver.
DEBUG - 2025-08-03 08:12:11 --> Session: Class initialized using 'CodeIgniter\Session\Handlers\FileHandler' driver.
DEBUG - 2025-08-03 08:12:11 --> Session: Class initialized using 'CodeIgniter\Session\Handlers\FileHandler' driver.
DEBUG - 2025-08-03 08:14:06 --> Session: Class initialized using 'CodeIgniter\Session\Handlers\FileHandler' driver.
DEBUG - 2025-08-03 08:14:07 --> Session: Class initialized using 'CodeIgniter\Session\Handlers\FileHandler' driver.
DEBUG - 2025-08-03 08:14:07 --> Session: Class initialized using 'CodeIgniter\Session\Handlers\FileHandler' driver.
DEBUG - 2025-08-03 08:14:09 --> Session: Class initialized using 'CodeIgniter\Session\Handlers\FileHandler' driver.
DEBUG - 2025-08-03 08:14:09 --> Session: Class initialized using 'CodeIgniter\Session\Handlers\FileHandler' driver.
DEBUG - 2025-08-03 08:14:10 --> Session: Class initialized using 'CodeIgniter\Session\Handlers\FileHandler' driver.
DEBUG - 2025-08-03 08:14:10 --> Session: Class initialized using 'CodeIgniter\Session\Handlers\FileHandler' driver.
DEBUG - 2025-08-03 08:14:19 --> Session: Class initialized using 'CodeIgniter\Session\Handlers\FileHandler' driver.
DEBUG - 2025-08-03 08:14:19 --> Session: Class initialized using 'CodeIgniter\Session\Handlers\FileHandler' driver.
DEBUG - 2025-08-03 08:14:21 --> Session: Class initialized using 'CodeIgniter\Session\Handlers\FileHandler' driver.
INFO - 2025-08-03 08:14:35 --> CSRF token verified.
DEBUG - 2025-08-03 08:14:35 --> Session: Class initialized using 'CodeIgniter\Session\Handlers\FileHandler' driver.
DEBUG - 2025-08-03 08:14:35 --> Session: Class initialized using 'CodeIgniter\Session\Handlers\FileHandler' driver.
DEBUG - 2025-08-03 08:14:41 --> Session: Class initialized using 'CodeIgniter\Session\Handlers\FileHandler' driver.
INFO - 2025-08-03 08:15:13 --> CSRF token verified.
DEBUG - 2025-08-03 08:15:13 --> Session: Class initialized using 'CodeIgniter\Session\Handlers\FileHandler' driver.
DEBUG - 2025-08-03 08:15:13 --> Session: Class initialized using 'CodeIgniter\Session\Handlers\FileHandler' driver.
DEBUG - 2025-08-03 08:26:50 --> Session: Class initialized using 'CodeIgniter\Session\Handlers\FileHandler' driver.
DEBUG - 2025-08-03 08:26:51 --> Session: Class initialized using 'CodeIgniter\Session\Handlers\FileHandler' driver.
INFO - 2025-08-03 08:26:53 --> CSRF token verified.
DEBUG - 2025-08-03 08:26:53 --> Session: Class initialized using 'CodeIgniter\Session\Handlers\FileHandler' driver.
DEBUG - 2025-08-03 08:26:53 --> Session: Class initialized using 'CodeIgniter\Session\Handlers\FileHandler' driver.
DEBUG - 2025-08-03 08:26:56 --> Session: Class initialized using 'CodeIgniter\Session\Handlers\FileHandler' driver.
DEBUG - 2025-08-03 08:27:02 --> Session: Class initialized using 'CodeIgniter\Session\Handlers\FileHandler' driver.
INFO - 2025-08-03 08:27:05 --> CSRF token verified.
DEBUG - 2025-08-03 08:27:05 --> Session: Class initialized using 'CodeIgniter\Session\Handlers\FileHandler' driver.
DEBUG - 2025-08-03 08:27:05 --> Session: Class initialized using 'CodeIgniter\Session\Handlers\FileHandler' driver.
DEBUG - 2025-08-03 08:27:09 --> Session: Class initialized using 'CodeIgniter\Session\Handlers\FileHandler' driver.
DEBUG - 2025-08-03 08:27:09 --> Session: Class initialized using 'CodeIgniter\Session\Handlers\FileHandler' driver.
DEBUG - 2025-08-03 08:27:11 --> Session: Class initialized using 'CodeIgniter\Session\Handlers\FileHandler' driver.
DEBUG - 2025-08-03 08:27:11 --> Session: Class initialized using 'CodeIgniter\Session\Handlers\FileHandler' driver.
INFO - 2025-08-03 08:27:19 --> CSRF token verified.
DEBUG - 2025-08-03 08:27:19 --> Session: Class initialized using 'CodeIgniter\Session\Handlers\FileHandler' driver.
DEBUG - 2025-08-03 08:27:19 --> Session: Class initialized using 'CodeIgniter\Session\Handlers\FileHandler' driver.
DEBUG - 2025-08-03 08:27:25 --> Session: Class initialized using 'CodeIgniter\Session\Handlers\FileHandler' driver.
DEBUG - 2025-08-03 08:27:26 --> Session: Class initialized using 'CodeIgniter\Session\Handlers\FileHandler' driver.
DEBUG - 2025-08-03 08:27:31 --> Session: Class initialized using 'CodeIgniter\Session\Handlers\FileHandler' driver.
DEBUG - 2025-08-03 08:27:33 --> Session: Class initialized using 'CodeIgniter\Session\Handlers\FileHandler' driver.
DEBUG - 2025-08-03 08:27:33 --> Session: Class initialized using 'CodeIgniter\Session\Handlers\FileHandler' driver.
DEBUG - 2025-08-03 08:27:35 --> Session: Class initialized using 'CodeIgniter\Session\Handlers\FileHandler' driver.
DEBUG - 2025-08-03 08:27:36 --> Session: Class initialized using 'CodeIgniter\Session\Handlers\FileHandler' driver.
DEBUG - 2025-08-03 08:27:36 --> Session: Class initialized using 'CodeIgniter\Session\Handlers\FileHandler' driver.
INFO - 2025-08-03 08:27:40 --> CSRF token verified.
DEBUG - 2025-08-03 08:27:40 --> Session: Class initialized using 'CodeIgniter\Session\Handlers\FileHandler' driver.
DEBUG - 2025-08-03 08:27:40 --> Session: Class initialized using 'CodeIgniter\Session\Handlers\FileHandler' driver.
DEBUG - 2025-08-03 08:27:41 --> Session: Class initialized using 'CodeIgniter\Session\Handlers\FileHandler' driver.
DEBUG - 2025-08-03 08:27:41 --> Session: Class initialized using 'CodeIgniter\Session\Handlers\FileHandler' driver.
DEBUG - 2025-08-03 08:27:58 --> Session: Class initialized using 'CodeIgniter\Session\Handlers\FileHandler' driver.
INFO - 2025-08-03 08:28:05 --> CSRF token verified.
DEBUG - 2025-08-03 08:28:05 --> Session: Class initialized using 'CodeIgniter\Session\Handlers\FileHandler' driver.
DEBUG - 2025-08-03 08:28:05 --> Session: Class initialized using 'CodeIgniter\Session\Handlers\FileHandler' driver.
DEBUG - 2025-08-03 08:28:05 --> Session: Class initialized using 'CodeIgniter\Session\Handlers\FileHandler' driver.
DEBUG - 2025-08-03 08:28:06 --> Komerce API Provinces Response: {"meta":{"message":"Success Get Province","code":200,"status":"success"},"data":[{"id":1,"name":"NUSA TENGGARA BARAT (NTB)"},{"id":2,"name":"MALUKU"},{"id":3,"name":"KALIMANTAN SELATAN"},{"id":4,"name":"KALIMANTAN TENGAH"},{"id":5,"name":"JAWA BARAT"},{"id":6,"name":"BENGKULU"},{"id":7,"name":"KALIMANTAN TIMUR"},{"id":8,"name":"KEPULAUAN RIAU"},{"id":9,"name":"NANGGROE ACEH DARUSSALAM (NAD)"},{"id":10,"name":"DKI JAKARTA"},{"id":11,"name":"BANTEN"},{"id":12,"name":"JAWA TENGAH"},{"id":13,"name":"JAMBI"},{"id":14,"name":"PAPUA"},{"id":15,"name":"BALI"},{"id":16,"name":"SUMATERA UTARA"},{"id":17,"name":"GORONTALO"},{"id":18,"name":"JAWA TIMUR"},{"id":19,"name":"DI YOGYAKARTA"},{"id":20,"name":"SULAWESI TENGGARA"},{"id":21,"name":"NUSA TENGGARA TIMUR (NTT)"},{"id":22,"name":"SULAWESI UTARA"},{"id":23,"name":"SUMATERA BARAT"},{"id":24,"name":"BANGKA BELITUNG"},{"id":25,"name":"RIAU"},{"id":26,"name":"SUMATERA SELATAN"},{"id":27,"name":"SULAWESI TENGAH"},{"id":28,"name":"KALIMANTAN BARAT"},{"id":29,"name":"PAPUA BARAT"},{"id":30,"name":"LAMPUNG"},{"id":31,"name":"KALIMANTAN UTARA"},{"id":32,"name":"MALUKU UTARA"},{"id":33,"name":"SULAWESI SELATAN"},{"id":34,"name":"SULAWESI BARAT"}]}
DEBUG - 2025-08-03 08:28:13 --> Session: Class initialized using 'CodeIgniter\Session\Handlers\FileHandler' driver.
DEBUG - 2025-08-03 08:28:13 --> Session: Class initialized using 'CodeIgniter\Session\Handlers\FileHandler' driver.
DEBUG - 2025-08-03 08:28:20 --> Session: Class initialized using 'CodeIgniter\Session\Handlers\FileHandler' driver.
DEBUG - 2025-08-03 08:28:20 --> Komerce API Provinces Response: {"meta":{"message":"Success Get Province","code":200,"status":"success"},"data":[{"id":1,"name":"NUSA TENGGARA BARAT (NTB)"},{"id":2,"name":"MALUKU"},{"id":3,"name":"KALIMANTAN SELATAN"},{"id":4,"name":"KALIMANTAN TENGAH"},{"id":5,"name":"JAWA BARAT"},{"id":6,"name":"BENGKULU"},{"id":7,"name":"KALIMANTAN TIMUR"},{"id":8,"name":"KEPULAUAN RIAU"},{"id":9,"name":"NANGGROE ACEH DARUSSALAM (NAD)"},{"id":10,"name":"DKI JAKARTA"},{"id":11,"name":"BANTEN"},{"id":12,"name":"JAWA TENGAH"},{"id":13,"name":"JAMBI"},{"id":14,"name":"PAPUA"},{"id":15,"name":"BALI"},{"id":16,"name":"SUMATERA UTARA"},{"id":17,"name":"GORONTALO"},{"id":18,"name":"JAWA TIMUR"},{"id":19,"name":"DI YOGYAKARTA"},{"id":20,"name":"SULAWESI TENGGARA"},{"id":21,"name":"NUSA TENGGARA TIMUR (NTT)"},{"id":22,"name":"SULAWESI UTARA"},{"id":23,"name":"SUMATERA BARAT"},{"id":24,"name":"BANGKA BELITUNG"},{"id":25,"name":"RIAU"},{"id":26,"name":"SUMATERA SELATAN"},{"id":27,"name":"SULAWESI TENGAH"},{"id":28,"name":"KALIMANTAN BARAT"},{"id":29,"name":"PAPUA BARAT"},{"id":30,"name":"LAMPUNG"},{"id":31,"name":"KALIMANTAN UTARA"},{"id":32,"name":"MALUKU UTARA"},{"id":33,"name":"SULAWESI SELATAN"},{"id":34,"name":"SULAWESI BARAT"}]}
DEBUG - 2025-08-03 08:28:29 --> Komerce API Cities Response: {"meta":{"message":"Success Get City By Province ID","code":200,"status":"success"},"data":[{"id":55,"name":"BANDUNG"},{"id":56,"name":"CIMAHI"},{"id":57,"name":"SUMEDANG"},{"id":59,"name":"GARUT"},{"id":60,"name":"BANDUNG BARAT"},{"id":62,"name":"CIANJUR"},{"id":63,"name":"BEKASI"},{"id":77,"name":"BOGOR"},{"id":129,"name":"CIREBON"},{"id":131,"name":"INDRAMAYU"},{"id":132,"name":"KUNINGAN"},{"id":133,"name":"MAJALENGKA"},{"id":199,"name":"DEPOK"},{"id":329,"name":"KARAWANG"},{"id":532,"name":"PURWAKARTA"},{"id":533,"name":"SUBANG"},{"id":538,"name":"SUKABUMI"},{"id":632,"name":"TASIKMALAYA"},{"id":633,"name":"BANJAR"},{"id":634,"name":"CIAMIS"},{"id":635,"name":"PANGANDARAN"}]}
DEBUG - 2025-08-03 08:28:31 --> Komerce API Cost Response: {"meta":{"message":"Success Calculate Domestic Shipping cost","code":200,"status":"success"},"data":[{"name":"Jalur Nugraha Ekakurir (JNE)","code":"jne","service":"CTC","description":"JNE City Courier","cost":14000,"etd":"2 day"},{"name":"Jalur Nugraha Ekakurir (JNE)","code":"jne","service":"JTR","description":"JNE Trucking","cost":115000,"etd":"6 day"}]}
INFO - 2025-08-03 08:35:10 --> CSRF token verified.
DEBUG - 2025-08-03 08:35:10 --> Session: Class initialized using 'CodeIgniter\Session\Handlers\FileHandler' driver.
INFO - 2025-08-03 08:35:18 --> [Midtrans Notif] Received notification for Order ID: OTELA-1754210110-5 with status: pending
INFO - 2025-08-03 08:35:35 --> [Midtrans Notif] Received notification for Order ID: OTELA-1754210110-5 with status: settlement
INFO - 2025-08-03 08:35:35 --> [Midtrans Notif] Payment success for Order ID: OTELA-1754210110-5. Processing stock reduction.
DEBUG - 2025-08-03 08:35:35 --> [Stock Check] For Order ID OTELA-1754210110-5, Bahan 'Singkong': Jumlah Lama = 9000, Jumlah Baru = 2000, Status Baru = Hampir Habis.
CRITICAL - 2025-08-03 08:35:35 --> [Stock Alert] Condition met for 'Singkong'. Attempting to send email notification.
INFO - 2025-08-03 08:35:35 --> [Stock Alert] Email notification for 'Singkong' sent successfully to Brevo API.
DEBUG - 2025-08-03 08:35:35 --> [Stock Check] For Order ID OTELA-1754210110-5, Bahan 'Daun Bawang': Jumlah Lama = 88741049, Jumlah Baru = 88738949, Status Baru = Tersedia.
DEBUG - 2025-08-03 08:35:35 --> [Stock Check] For Order ID OTELA-1754210110-5, Bahan 'Cikur': Jumlah Lama = 61502337, Jumlah Baru = 61501637, Status Baru = Tersedia.
DEBUG - 2025-08-03 08:35:35 --> [Stock Check] For Order ID OTELA-1754210110-5, Bahan 'Garam': Jumlah Lama = 9984160, Jumlah Baru = 9982760, Status Baru = Tersedia.
DEBUG - 2025-08-03 08:35:36 --> Session: Class initialized using 'CodeIgniter\Session\Handlers\FileHandler' driver.
DEBUG - 2025-08-03 08:35:40 --> Session: Class initialized using 'CodeIgniter\Session\Handlers\FileHandler' driver.
