DEBUG - 2025-08-23 07:28:40 --> Session: Class initialized using 'CodeIgniter\Session\Handlers\FileHandler' driver.
INFO - 2025-08-23 07:28:44 --> CSRF token verified.
DEBUG - 2025-08-23 07:28:44 --> Session: Class initialized using 'CodeIgniter\Session\Handlers\FileHandler' driver.
DEBUG - 2025-08-23 07:28:44 --> Session: Class initialized using 'CodeIgniter\Session\Handlers\FileHandler' driver.
DEBUG - 2025-08-23 07:28:50 --> Session: Class initialized using 'CodeIgniter\Session\Handlers\FileHandler' driver.
DEBUG - 2025-08-23 07:29:06 --> Session: Class initialized using 'CodeIgniter\Session\Handlers\FileHandler' driver.
DEBUG - 2025-08-23 07:29:08 --> Session: Class initialized using 'CodeIgniter\Session\Handlers\FileHandler' driver.
INFO - 2025-08-23 07:29:11 --> CSRF token verified.
DEBUG - 2025-08-23 07:29:11 --> Session: Class initialized using 'CodeIgniter\Session\Handlers\FileHandler' driver.
DEBUG - 2025-08-23 07:29:11 --> Session: Class initialized using 'CodeIgniter\Session\Handlers\FileHandler' driver.
DEBUG - 2025-08-23 07:29:12 --> Session: Class initialized using 'CodeIgniter\Session\Handlers\FileHandler' driver.
DEBUG - 2025-08-23 07:29:13 --> Komerce API Provinces Response: {"meta":{"message":"Success Get Province","code":200,"status":"success"},"data":[{"id":1,"name":"NUSA TENGGARA BARAT (NTB)"},{"id":2,"name":"MALUKU"},{"id":3,"name":"KALIMANTAN SELATAN"},{"id":4,"name":"KALIMANTAN TENGAH"},{"id":5,"name":"JAWA BARAT"},{"id":6,"name":"BENGKULU"},{"id":7,"name":"KALIMANTAN TIMUR"},{"id":8,"name":"KEPULAUAN RIAU"},{"id":9,"name":"NANGGROE ACEH DARUSSALAM (NAD)"},{"id":10,"name":"DKI JAKARTA"},{"id":11,"name":"BANTEN"},{"id":12,"name":"JAWA TENGAH"},{"id":13,"name":"JAMBI"},{"id":14,"name":"PAPUA"},{"id":15,"name":"BALI"},{"id":16,"name":"SUMATERA UTARA"},{"id":17,"name":"GORONTALO"},{"id":18,"name":"JAWA TIMUR"},{"id":19,"name":"DI YOGYAKARTA"},{"id":20,"name":"SULAWESI TENGGARA"},{"id":21,"name":"NUSA TENGGARA TIMUR (NTT)"},{"id":22,"name":"SULAWESI UTARA"},{"id":23,"name":"SUMATERA BARAT"},{"id":24,"name":"BANGKA BELITUNG"},{"id":25,"name":"RIAU"},{"id":26,"name":"SUMATERA SELATAN"},{"id":27,"name":"SULAWESI TENGAH"},{"id":28,"name":"KALIMANTAN BARAT"},{"id":29,"name":"PAPUA BARAT"},{"id":30,"name":"LAMPUNG"},{"id":31,"name":"KALIMANTAN UTARA"},{"id":32,"name":"MALUKU UTARA"},{"id":33,"name":"SULAWESI SELATAN"},{"id":34,"name":"SULAWESI BARAT"}]}
DEBUG - 2025-08-23 07:29:23 --> Komerce API Cities Response: {"meta":{"message":"Success Get City By Province ID","code":200,"status":"success"},"data":[{"id":256,"name":"JEMBER"},{"id":257,"name":"BANYUWANGI"},{"id":258,"name":"BONDOWOSO"},{"id":289,"name":"KEDIRI"},{"id":353,"name":"MADIUN"},{"id":355,"name":"MAGETAN"},{"id":357,"name":"NGAWI"},{"id":359,"name":"PACITAN"},{"id":360,"name":"PONOROGO"},{"id":388,"name":"MOJOKERTO"},{"id":389,"name":"JOMBANG"},{"id":390,"name":"NGANJUK"},{"id":391,"name":"MALANG"},{"id":392,"name":"BLITAR"},{"id":393,"name":"BATU"},{"id":394,"name":"PROBOLINGGO"},{"id":395,"name":"LUMAJANG"},{"id":396,"name":"SITUBONDO"},{"id":531,"name":"PASURUAN"},{"id":566,"name":"BOJONEGORO"},{"id":577,"name":"SURABAYA"},{"id":578,"name":"GRESIK"},{"id":579,"name":"LAMONGAN"},{"id":580,"name":"BANGKALAN"},{"id":581,"name":"PAMEKASAN"},{"id":582,"name":"SAMPANG"},{"id":583,"name":"SIDOARJO"},{"id":584,"name":"SUMENEP"},{"id":585,"name":"TUBAN"},{"id":586,"name":"TULUNGAGUNG"},{"id":587,"name":"TRENGGALEK"}]}
DEBUG - 2025-08-23 07:29:33 --> Komerce API Cost Response: {"meta":{"message":"Success Calculate Domestic Shipping cost","code":200,"status":"success"},"data":[{"name":"Jalur Nugraha Ekakurir (JNE)","code":"jne","service":"REG","description":"Layanan Reguler","cost":81000,"etd":"6 day"}]}
INFO - 2025-08-23 07:29:39 --> CSRF token verified.
DEBUG - 2025-08-23 07:29:39 --> Session: Class initialized using 'CodeIgniter\Session\Handlers\FileHandler' driver.
DEBUG - 2025-08-23 07:30:15 --> Session: Class initialized using 'CodeIgniter\Session\Handlers\FileHandler' driver.
DEBUG - 2025-08-23 07:30:49 --> Session: Class initialized using 'CodeIgniter\Session\Handlers\FileHandler' driver.
DEBUG - 2025-08-23 07:31:11 --> Session: Class initialized using 'CodeIgniter\Session\Handlers\FileHandler' driver.
DEBUG - 2025-08-23 07:31:20 --> Session: Class initialized using 'CodeIgniter\Session\Handlers\FileHandler' driver.
DEBUG - 2025-08-23 07:31:54 --> Session: Class initialized using 'CodeIgniter\Session\Handlers\FileHandler' driver.
INFO - 2025-08-23 07:31:57 --> CSRF token verified.
DEBUG - 2025-08-23 07:31:57 --> Session: Class initialized using 'CodeIgniter\Session\Handlers\FileHandler' driver.
DEBUG - 2025-08-23 07:31:57 --> Session: Class initialized using 'CodeIgniter\Session\Handlers\FileHandler' driver.
INFO - 2025-08-23 07:32:01 --> CSRF token verified.
DEBUG - 2025-08-23 07:32:01 --> Session: Class initialized using 'CodeIgniter\Session\Handlers\FileHandler' driver.
DEBUG - 2025-08-23 07:32:01 --> Session: Class initialized using 'CodeIgniter\Session\Handlers\FileHandler' driver.
INFO - 2025-08-23 07:32:06 --> CSRF token verified.
DEBUG - 2025-08-23 07:32:06 --> Session: Class initialized using 'CodeIgniter\Session\Handlers\FileHandler' driver.
DEBUG - 2025-08-23 07:32:06 --> Session: Class initialized using 'CodeIgniter\Session\Handlers\FileHandler' driver.
DEBUG - 2025-08-23 07:33:21 --> Session: Class initialized using 'CodeIgniter\Session\Handlers\FileHandler' driver.
INFO - 2025-08-23 07:33:24 --> CSRF token verified.
DEBUG - 2025-08-23 07:33:24 --> Session: Class initialized using 'CodeIgniter\Session\Handlers\FileHandler' driver.
DEBUG - 2025-08-23 07:33:24 --> Session: Class initialized using 'CodeIgniter\Session\Handlers\FileHandler' driver.
DEBUG - 2025-08-23 07:33:25 --> Session: Class initialized using 'CodeIgniter\Session\Handlers\FileHandler' driver.
DEBUG - 2025-08-23 07:33:26 --> Komerce API Provinces Response: {"meta":{"message":"Success Get Province","code":200,"status":"success"},"data":[{"id":1,"name":"NUSA TENGGARA BARAT (NTB)"},{"id":2,"name":"MALUKU"},{"id":3,"name":"KALIMANTAN SELATAN"},{"id":4,"name":"KALIMANTAN TENGAH"},{"id":5,"name":"JAWA BARAT"},{"id":6,"name":"BENGKULU"},{"id":7,"name":"KALIMANTAN TIMUR"},{"id":8,"name":"KEPULAUAN RIAU"},{"id":9,"name":"NANGGROE ACEH DARUSSALAM (NAD)"},{"id":10,"name":"DKI JAKARTA"},{"id":11,"name":"BANTEN"},{"id":12,"name":"JAWA TENGAH"},{"id":13,"name":"JAMBI"},{"id":14,"name":"PAPUA"},{"id":15,"name":"BALI"},{"id":16,"name":"SUMATERA UTARA"},{"id":17,"name":"GORONTALO"},{"id":18,"name":"JAWA TIMUR"},{"id":19,"name":"DI YOGYAKARTA"},{"id":20,"name":"SULAWESI TENGGARA"},{"id":21,"name":"NUSA TENGGARA TIMUR (NTT)"},{"id":22,"name":"SULAWESI UTARA"},{"id":23,"name":"SUMATERA BARAT"},{"id":24,"name":"BANGKA BELITUNG"},{"id":25,"name":"RIAU"},{"id":26,"name":"SUMATERA SELATAN"},{"id":27,"name":"SULAWESI TENGAH"},{"id":28,"name":"KALIMANTAN BARAT"},{"id":29,"name":"PAPUA BARAT"},{"id":30,"name":"LAMPUNG"},{"id":31,"name":"KALIMANTAN UTARA"},{"id":32,"name":"MALUKU UTARA"},{"id":33,"name":"SULAWESI SELATAN"},{"id":34,"name":"SULAWESI BARAT"}]}
DEBUG - 2025-08-23 07:33:28 --> Komerce API Cities Response: {"meta":{"message":"Success Get City By Province ID","code":200,"status":"success"},"data":[{"id":256,"name":"JEMBER"},{"id":257,"name":"BANYUWANGI"},{"id":258,"name":"BONDOWOSO"},{"id":289,"name":"KEDIRI"},{"id":353,"name":"MADIUN"},{"id":355,"name":"MAGETAN"},{"id":357,"name":"NGAWI"},{"id":359,"name":"PACITAN"},{"id":360,"name":"PONOROGO"},{"id":388,"name":"MOJOKERTO"},{"id":389,"name":"JOMBANG"},{"id":390,"name":"NGANJUK"},{"id":391,"name":"MALANG"},{"id":392,"name":"BLITAR"},{"id":393,"name":"BATU"},{"id":394,"name":"PROBOLINGGO"},{"id":395,"name":"LUMAJANG"},{"id":396,"name":"SITUBONDO"},{"id":531,"name":"PASURUAN"},{"id":566,"name":"BOJONEGORO"},{"id":577,"name":"SURABAYA"},{"id":578,"name":"GRESIK"},{"id":579,"name":"LAMONGAN"},{"id":580,"name":"BANGKALAN"},{"id":581,"name":"PAMEKASAN"},{"id":582,"name":"SAMPANG"},{"id":583,"name":"SIDOARJO"},{"id":584,"name":"SUMENEP"},{"id":585,"name":"TUBAN"},{"id":586,"name":"TULUNGAGUNG"},{"id":587,"name":"TRENGGALEK"}]}
DEBUG - 2025-08-23 07:33:31 --> Komerce API Cost Response: {"meta":{"message":"Success Calculate Domestic Shipping cost","code":200,"status":"success"},"data":[{"name":"Jalur Nugraha Ekakurir (JNE)","code":"jne","service":"REG","description":"Layanan Reguler","cost":81000,"etd":"6 day"}]}
INFO - 2025-08-23 07:33:33 --> CSRF token verified.
DEBUG - 2025-08-23 07:33:33 --> Session: Class initialized using 'CodeIgniter\Session\Handlers\FileHandler' driver.
INFO - 2025-08-23 07:33:36 --> [Midtrans Notif] Received notification for Order ID: OTELA-1755934413-5 with status: pending
INFO - 2025-08-23 07:33:43 --> [Midtrans Notif] Received notification for Order ID: OTELA-1755934413-5 with status: settlement
INFO - 2025-08-23 07:33:43 --> [Midtrans Notif] Payment success for Order ID: OTELA-1755934413-5. Processing stock reduction.
DEBUG - 2025-08-23 07:33:43 --> [Stock Check] For Order ID OTELA-1755934413-5, Bahan 'Singkong': Jumlah Lama = 9000, Jumlah Baru = 8000, Status Baru = Tersedia.
DEBUG - 2025-08-23 07:33:43 --> [Stock Check] For Order ID OTELA-1755934413-5, Bahan 'Daun Bawang': Jumlah Lama = 88738349, Jumlah Baru = 88738049, Status Baru = Tersedia.
DEBUG - 2025-08-23 07:33:43 --> [Stock Check] For Order ID OTELA-1755934413-5, Bahan 'Cikur': Jumlah Lama = 61501437, Jumlah Baru = 61501337, Status Baru = Tersedia.
DEBUG - 2025-08-23 07:33:43 --> [Stock Check] For Order ID OTELA-1755934413-5, Bahan 'Garam': Jumlah Lama = 9982360, Jumlah Baru = 9982160, Status Baru = Tersedia.
DEBUG - 2025-08-23 07:33:50 --> Session: Class initialized using 'CodeIgniter\Session\Handlers\FileHandler' driver.
DEBUG - 2025-08-23 07:35:03 --> Session: Class initialized using 'CodeIgniter\Session\Handlers\FileHandler' driver.
INFO - 2025-08-23 07:35:06 --> CSRF token verified.
DEBUG - 2025-08-23 07:35:06 --> Session: Class initialized using 'CodeIgniter\Session\Handlers\FileHandler' driver.
DEBUG - 2025-08-23 07:35:06 --> Session: Class initialized using 'CodeIgniter\Session\Handlers\FileHandler' driver.
DEBUG - 2025-08-23 07:35:06 --> Session: Class initialized using 'CodeIgniter\Session\Handlers\FileHandler' driver.
DEBUG - 2025-08-23 07:35:07 --> Komerce API Provinces Response: {"meta":{"message":"Success Get Province","code":200,"status":"success"},"data":[{"id":1,"name":"NUSA TENGGARA BARAT (NTB)"},{"id":2,"name":"MALUKU"},{"id":3,"name":"KALIMANTAN SELATAN"},{"id":4,"name":"KALIMANTAN TENGAH"},{"id":5,"name":"JAWA BARAT"},{"id":6,"name":"BENGKULU"},{"id":7,"name":"KALIMANTAN TIMUR"},{"id":8,"name":"KEPULAUAN RIAU"},{"id":9,"name":"NANGGROE ACEH DARUSSALAM (NAD)"},{"id":10,"name":"DKI JAKARTA"},{"id":11,"name":"BANTEN"},{"id":12,"name":"JAWA TENGAH"},{"id":13,"name":"JAMBI"},{"id":14,"name":"PAPUA"},{"id":15,"name":"BALI"},{"id":16,"name":"SUMATERA UTARA"},{"id":17,"name":"GORONTALO"},{"id":18,"name":"JAWA TIMUR"},{"id":19,"name":"DI YOGYAKARTA"},{"id":20,"name":"SULAWESI TENGGARA"},{"id":21,"name":"NUSA TENGGARA TIMUR (NTT)"},{"id":22,"name":"SULAWESI UTARA"},{"id":23,"name":"SUMATERA BARAT"},{"id":24,"name":"BANGKA BELITUNG"},{"id":25,"name":"RIAU"},{"id":26,"name":"SUMATERA SELATAN"},{"id":27,"name":"SULAWESI TENGAH"},{"id":28,"name":"KALIMANTAN BARAT"},{"id":29,"name":"PAPUA BARAT"},{"id":30,"name":"LAMPUNG"},{"id":31,"name":"KALIMANTAN UTARA"},{"id":32,"name":"MALUKU UTARA"},{"id":33,"name":"SULAWESI SELATAN"},{"id":34,"name":"SULAWESI BARAT"}]}
DEBUG - 2025-08-23 07:35:09 --> Komerce API Cities Response: {"meta":{"message":"Success Get City By Province ID","code":200,"status":"success"},"data":[{"id":256,"name":"JEMBER"},{"id":257,"name":"BANYUWANGI"},{"id":258,"name":"BONDOWOSO"},{"id":289,"name":"KEDIRI"},{"id":353,"name":"MADIUN"},{"id":355,"name":"MAGETAN"},{"id":357,"name":"NGAWI"},{"id":359,"name":"PACITAN"},{"id":360,"name":"PONOROGO"},{"id":388,"name":"MOJOKERTO"},{"id":389,"name":"JOMBANG"},{"id":390,"name":"NGANJUK"},{"id":391,"name":"MALANG"},{"id":392,"name":"BLITAR"},{"id":393,"name":"BATU"},{"id":394,"name":"PROBOLINGGO"},{"id":395,"name":"LUMAJANG"},{"id":396,"name":"SITUBONDO"},{"id":531,"name":"PASURUAN"},{"id":566,"name":"BOJONEGORO"},{"id":577,"name":"SURABAYA"},{"id":578,"name":"GRESIK"},{"id":579,"name":"LAMONGAN"},{"id":580,"name":"BANGKALAN"},{"id":581,"name":"PAMEKASAN"},{"id":582,"name":"SAMPANG"},{"id":583,"name":"SIDOARJO"},{"id":584,"name":"SUMENEP"},{"id":585,"name":"TUBAN"},{"id":586,"name":"TULUNGAGUNG"},{"id":587,"name":"TRENGGALEK"}]}
DEBUG - 2025-08-23 07:35:12 --> Komerce API Cost Response: {"meta":{"message":"Success Calculate Domestic Shipping cost","code":200,"status":"success"},"data":[{"name":"Jalur Nugraha Ekakurir (JNE)","code":"jne","service":"REG","description":"Layanan Reguler","cost":81000,"etd":"8 day"}]}
DEBUG - 2025-08-23 07:35:17 --> Session: Class initialized using 'CodeIgniter\Session\Handlers\FileHandler' driver.
DEBUG - 2025-08-23 07:35:17 --> Session: Class initialized using 'CodeIgniter\Session\Handlers\FileHandler' driver.
DEBUG - 2025-08-23 07:35:18 --> Session: Class initialized using 'CodeIgniter\Session\Handlers\FileHandler' driver.
INFO - 2025-08-23 07:35:21 --> CSRF token verified.
DEBUG - 2025-08-23 07:35:21 --> Session: Class initialized using 'CodeIgniter\Session\Handlers\FileHandler' driver.
DEBUG - 2025-08-23 07:35:21 --> Session: Class initialized using 'CodeIgniter\Session\Handlers\FileHandler' driver.
DEBUG - 2025-08-23 07:35:22 --> Session: Class initialized using 'CodeIgniter\Session\Handlers\FileHandler' driver.
DEBUG - 2025-08-23 07:35:23 --> Komerce API Provinces Response: {"meta":{"message":"Success Get Province","code":200,"status":"success"},"data":[{"id":1,"name":"NUSA TENGGARA BARAT (NTB)"},{"id":2,"name":"MALUKU"},{"id":3,"name":"KALIMANTAN SELATAN"},{"id":4,"name":"KALIMANTAN TENGAH"},{"id":5,"name":"JAWA BARAT"},{"id":6,"name":"BENGKULU"},{"id":7,"name":"KALIMANTAN TIMUR"},{"id":8,"name":"KEPULAUAN RIAU"},{"id":9,"name":"NANGGROE ACEH DARUSSALAM (NAD)"},{"id":10,"name":"DKI JAKARTA"},{"id":11,"name":"BANTEN"},{"id":12,"name":"JAWA TENGAH"},{"id":13,"name":"JAMBI"},{"id":14,"name":"PAPUA"},{"id":15,"name":"BALI"},{"id":16,"name":"SUMATERA UTARA"},{"id":17,"name":"GORONTALO"},{"id":18,"name":"JAWA TIMUR"},{"id":19,"name":"DI YOGYAKARTA"},{"id":20,"name":"SULAWESI TENGGARA"},{"id":21,"name":"NUSA TENGGARA TIMUR (NTT)"},{"id":22,"name":"SULAWESI UTARA"},{"id":23,"name":"SUMATERA BARAT"},{"id":24,"name":"BANGKA BELITUNG"},{"id":25,"name":"RIAU"},{"id":26,"name":"SUMATERA SELATAN"},{"id":27,"name":"SULAWESI TENGAH"},{"id":28,"name":"KALIMANTAN BARAT"},{"id":29,"name":"PAPUA BARAT"},{"id":30,"name":"LAMPUNG"},{"id":31,"name":"KALIMANTAN UTARA"},{"id":32,"name":"MALUKU UTARA"},{"id":33,"name":"SULAWESI SELATAN"},{"id":34,"name":"SULAWESI BARAT"}]}
DEBUG - 2025-08-23 07:35:33 --> Komerce API Cities Response: {"meta":{"message":"Success Get City By Province ID","code":200,"status":"success"},"data":[{"id":256,"name":"JEMBER"},{"id":257,"name":"BANYUWANGI"},{"id":258,"name":"BONDOWOSO"},{"id":289,"name":"KEDIRI"},{"id":353,"name":"MADIUN"},{"id":355,"name":"MAGETAN"},{"id":357,"name":"NGAWI"},{"id":359,"name":"PACITAN"},{"id":360,"name":"PONOROGO"},{"id":388,"name":"MOJOKERTO"},{"id":389,"name":"JOMBANG"},{"id":390,"name":"NGANJUK"},{"id":391,"name":"MALANG"},{"id":392,"name":"BLITAR"},{"id":393,"name":"BATU"},{"id":394,"name":"PROBOLINGGO"},{"id":395,"name":"LUMAJANG"},{"id":396,"name":"SITUBONDO"},{"id":531,"name":"PASURUAN"},{"id":566,"name":"BOJONEGORO"},{"id":577,"name":"SURABAYA"},{"id":578,"name":"GRESIK"},{"id":579,"name":"LAMONGAN"},{"id":580,"name":"BANGKALAN"},{"id":581,"name":"PAMEKASAN"},{"id":582,"name":"SAMPANG"},{"id":583,"name":"SIDOARJO"},{"id":584,"name":"SUMENEP"},{"id":585,"name":"TUBAN"},{"id":586,"name":"TULUNGAGUNG"},{"id":587,"name":"TRENGGALEK"}]}
DEBUG - 2025-08-23 07:35:48 --> Komerce API Cost Response: {"meta":{"message":"Success Calculate Domestic Shipping cost","code":200,"status":"success"},"data":[{"name":"Jalur Nugraha Ekakurir (JNE)","code":"jne","service":"REG","description":"Layanan Reguler","cost":81000,"etd":"8 day"}]}
DEBUG - 2025-08-23 07:37:12 --> Session: Class initialized using 'CodeIgniter\Session\Handlers\FileHandler' driver.
DEBUG - 2025-08-23 07:37:12 --> Komerce API Provinces Response: {"meta":{"message":"Success Get Province","code":200,"status":"success"},"data":[{"id":1,"name":"NUSA TENGGARA BARAT (NTB)"},{"id":2,"name":"MALUKU"},{"id":3,"name":"KALIMANTAN SELATAN"},{"id":4,"name":"KALIMANTAN TENGAH"},{"id":5,"name":"JAWA BARAT"},{"id":6,"name":"BENGKULU"},{"id":7,"name":"KALIMANTAN TIMUR"},{"id":8,"name":"KEPULAUAN RIAU"},{"id":9,"name":"NANGGROE ACEH DARUSSALAM (NAD)"},{"id":10,"name":"DKI JAKARTA"},{"id":11,"name":"BANTEN"},{"id":12,"name":"JAWA TENGAH"},{"id":13,"name":"JAMBI"},{"id":14,"name":"PAPUA"},{"id":15,"name":"BALI"},{"id":16,"name":"SUMATERA UTARA"},{"id":17,"name":"GORONTALO"},{"id":18,"name":"JAWA TIMUR"},{"id":19,"name":"DI YOGYAKARTA"},{"id":20,"name":"SULAWESI TENGGARA"},{"id":21,"name":"NUSA TENGGARA TIMUR (NTT)"},{"id":22,"name":"SULAWESI UTARA"},{"id":23,"name":"SUMATERA BARAT"},{"id":24,"name":"BANGKA BELITUNG"},{"id":25,"name":"RIAU"},{"id":26,"name":"SUMATERA SELATAN"},{"id":27,"name":"SULAWESI TENGAH"},{"id":28,"name":"KALIMANTAN BARAT"},{"id":29,"name":"PAPUA BARAT"},{"id":30,"name":"LAMPUNG"},{"id":31,"name":"KALIMANTAN UTARA"},{"id":32,"name":"MALUKU UTARA"},{"id":33,"name":"SULAWESI SELATAN"},{"id":34,"name":"SULAWESI BARAT"}]}
DEBUG - 2025-08-23 07:37:16 --> Komerce API Cities Response: {"meta":{"message":"Success Get City By Province ID","code":200,"status":"success"},"data":[{"id":256,"name":"JEMBER"},{"id":257,"name":"BANYUWANGI"},{"id":258,"name":"BONDOWOSO"},{"id":289,"name":"KEDIRI"},{"id":353,"name":"MADIUN"},{"id":355,"name":"MAGETAN"},{"id":357,"name":"NGAWI"},{"id":359,"name":"PACITAN"},{"id":360,"name":"PONOROGO"},{"id":388,"name":"MOJOKERTO"},{"id":389,"name":"JOMBANG"},{"id":390,"name":"NGANJUK"},{"id":391,"name":"MALANG"},{"id":392,"name":"BLITAR"},{"id":393,"name":"BATU"},{"id":394,"name":"PROBOLINGGO"},{"id":395,"name":"LUMAJANG"},{"id":396,"name":"SITUBONDO"},{"id":531,"name":"PASURUAN"},{"id":566,"name":"BOJONEGORO"},{"id":577,"name":"SURABAYA"},{"id":578,"name":"GRESIK"},{"id":579,"name":"LAMONGAN"},{"id":580,"name":"BANGKALAN"},{"id":581,"name":"PAMEKASAN"},{"id":582,"name":"SAMPANG"},{"id":583,"name":"SIDOARJO"},{"id":584,"name":"SUMENEP"},{"id":585,"name":"TUBAN"},{"id":586,"name":"TULUNGAGUNG"},{"id":587,"name":"TRENGGALEK"}]}
DEBUG - 2025-08-23 07:37:18 --> Komerce API Cost Response: {"meta":{"message":"Success Calculate Domestic Shipping cost","code":200,"status":"success"},"data":[{"name":"Jalur Nugraha Ekakurir (JNE)","code":"jne","service":"REG","description":"Layanan Reguler","cost":81000,"etd":"11 day"}]}
DEBUG - 2025-08-23 07:40:10 --> Session: Class initialized using 'CodeIgniter\Session\Handlers\FileHandler' driver.
DEBUG - 2025-08-23 07:40:10 --> Komerce API Provinces Response: {"meta":{"message":"Success Get Province","code":200,"status":"success"},"data":[{"id":1,"name":"NUSA TENGGARA BARAT (NTB)"},{"id":2,"name":"MALUKU"},{"id":3,"name":"KALIMANTAN SELATAN"},{"id":4,"name":"KALIMANTAN TENGAH"},{"id":5,"name":"JAWA BARAT"},{"id":6,"name":"BENGKULU"},{"id":7,"name":"KALIMANTAN TIMUR"},{"id":8,"name":"KEPULAUAN RIAU"},{"id":9,"name":"NANGGROE ACEH DARUSSALAM (NAD)"},{"id":10,"name":"DKI JAKARTA"},{"id":11,"name":"BANTEN"},{"id":12,"name":"JAWA TENGAH"},{"id":13,"name":"JAMBI"},{"id":14,"name":"PAPUA"},{"id":15,"name":"BALI"},{"id":16,"name":"SUMATERA UTARA"},{"id":17,"name":"GORONTALO"},{"id":18,"name":"JAWA TIMUR"},{"id":19,"name":"DI YOGYAKARTA"},{"id":20,"name":"SULAWESI TENGGARA"},{"id":21,"name":"NUSA TENGGARA TIMUR (NTT)"},{"id":22,"name":"SULAWESI UTARA"},{"id":23,"name":"SUMATERA BARAT"},{"id":24,"name":"BANGKA BELITUNG"},{"id":25,"name":"RIAU"},{"id":26,"name":"SUMATERA SELATAN"},{"id":27,"name":"SULAWESI TENGAH"},{"id":28,"name":"KALIMANTAN BARAT"},{"id":29,"name":"PAPUA BARAT"},{"id":30,"name":"LAMPUNG"},{"id":31,"name":"KALIMANTAN UTARA"},{"id":32,"name":"MALUKU UTARA"},{"id":33,"name":"SULAWESI SELATAN"},{"id":34,"name":"SULAWESI BARAT"}]}
DEBUG - 2025-08-23 07:40:15 --> Komerce API Cities Response: {"meta":{"message":"Success Get City By Province ID","code":200,"status":"success"},"data":[{"id":256,"name":"JEMBER"},{"id":257,"name":"BANYUWANGI"},{"id":258,"name":"BONDOWOSO"},{"id":289,"name":"KEDIRI"},{"id":353,"name":"MADIUN"},{"id":355,"name":"MAGETAN"},{"id":357,"name":"NGAWI"},{"id":359,"name":"PACITAN"},{"id":360,"name":"PONOROGO"},{"id":388,"name":"MOJOKERTO"},{"id":389,"name":"JOMBANG"},{"id":390,"name":"NGANJUK"},{"id":391,"name":"MALANG"},{"id":392,"name":"BLITAR"},{"id":393,"name":"BATU"},{"id":394,"name":"PROBOLINGGO"},{"id":395,"name":"LUMAJANG"},{"id":396,"name":"SITUBONDO"},{"id":531,"name":"PASURUAN"},{"id":566,"name":"BOJONEGORO"},{"id":577,"name":"SURABAYA"},{"id":578,"name":"GRESIK"},{"id":579,"name":"LAMONGAN"},{"id":580,"name":"BANGKALAN"},{"id":581,"name":"PAMEKASAN"},{"id":582,"name":"SAMPANG"},{"id":583,"name":"SIDOARJO"},{"id":584,"name":"SUMENEP"},{"id":585,"name":"TUBAN"},{"id":586,"name":"TULUNGAGUNG"},{"id":587,"name":"TRENGGALEK"}]}
DEBUG - 2025-08-23 07:40:17 --> Komerce API Cost Response: {"meta":{"message":"Success Calculate Domestic Shipping cost","code":200,"status":"success"},"data":[{"name":"Jalur Nugraha Ekakurir (JNE)","code":"jne","service":"REG","description":"Layanan Reguler","cost":81000,"etd":"6 day"}]}
DEBUG - 2025-08-23 07:42:08 --> Session: Class initialized using 'CodeIgniter\Session\Handlers\FileHandler' driver.
DEBUG - 2025-08-23 07:42:10 --> Session: Class initialized using 'CodeIgniter\Session\Handlers\FileHandler' driver.
DEBUG - 2025-08-23 07:42:15 --> Session: Class initialized using 'CodeIgniter\Session\Handlers\FileHandler' driver.
DEBUG - 2025-08-23 07:42:18 --> Session: Class initialized using 'CodeIgniter\Session\Handlers\FileHandler' driver.
DEBUG - 2025-08-23 07:42:20 --> Session: Class initialized using 'CodeIgniter\Session\Handlers\FileHandler' driver.
DEBUG - 2025-08-23 07:43:14 --> Session: Class initialized using 'CodeIgniter\Session\Handlers\FileHandler' driver.
DEBUG - 2025-08-23 07:43:17 --> Session: Class initialized using 'CodeIgniter\Session\Handlers\FileHandler' driver.
DEBUG - 2025-08-23 07:43:25 --> Session: Class initialized using 'CodeIgniter\Session\Handlers\FileHandler' driver.
DEBUG - 2025-08-23 07:45:47 --> Session: Class initialized using 'CodeIgniter\Session\Handlers\FileHandler' driver.
DEBUG - 2025-08-23 07:46:10 --> Session: Class initialized using 'CodeIgniter\Session\Handlers\FileHandler' driver.
DEBUG - 2025-08-23 07:46:10 --> Komerce API Provinces Response: {"meta":{"message":"Success Get Province","code":200,"status":"success"},"data":[{"id":1,"name":"NUSA TENGGARA BARAT (NTB)"},{"id":2,"name":"MALUKU"},{"id":3,"name":"KALIMANTAN SELATAN"},{"id":4,"name":"KALIMANTAN TENGAH"},{"id":5,"name":"JAWA BARAT"},{"id":6,"name":"BENGKULU"},{"id":7,"name":"KALIMANTAN TIMUR"},{"id":8,"name":"KEPULAUAN RIAU"},{"id":9,"name":"NANGGROE ACEH DARUSSALAM (NAD)"},{"id":10,"name":"DKI JAKARTA"},{"id":11,"name":"BANTEN"},{"id":12,"name":"JAWA TENGAH"},{"id":13,"name":"JAMBI"},{"id":14,"name":"PAPUA"},{"id":15,"name":"BALI"},{"id":16,"name":"SUMATERA UTARA"},{"id":17,"name":"GORONTALO"},{"id":18,"name":"JAWA TIMUR"},{"id":19,"name":"DI YOGYAKARTA"},{"id":20,"name":"SULAWESI TENGGARA"},{"id":21,"name":"NUSA TENGGARA TIMUR (NTT)"},{"id":22,"name":"SULAWESI UTARA"},{"id":23,"name":"SUMATERA BARAT"},{"id":24,"name":"BANGKA BELITUNG"},{"id":25,"name":"RIAU"},{"id":26,"name":"SUMATERA SELATAN"},{"id":27,"name":"SULAWESI TENGAH"},{"id":28,"name":"KALIMANTAN BARAT"},{"id":29,"name":"PAPUA BARAT"},{"id":30,"name":"LAMPUNG"},{"id":31,"name":"KALIMANTAN UTARA"},{"id":32,"name":"MALUKU UTARA"},{"id":33,"name":"SULAWESI SELATAN"},{"id":34,"name":"SULAWESI BARAT"}]}
DEBUG - 2025-08-23 07:46:11 --> Session: Class initialized using 'CodeIgniter\Session\Handlers\FileHandler' driver.
DEBUG - 2025-08-23 07:46:11 --> Session: Class initialized using 'CodeIgniter\Session\Handlers\FileHandler' driver.
DEBUG - 2025-08-23 07:46:14 --> Session: Class initialized using 'CodeIgniter\Session\Handlers\FileHandler' driver.
DEBUG - 2025-08-23 07:46:14 --> Session: Class initialized using 'CodeIgniter\Session\Handlers\FileHandler' driver.
DEBUG - 2025-08-23 07:48:23 --> Session: Class initialized using 'CodeIgniter\Session\Handlers\FileHandler' driver.
DEBUG - 2025-08-23 07:48:26 --> Session: Class initialized using 'CodeIgniter\Session\Handlers\FileHandler' driver.
DEBUG - 2025-08-23 07:48:27 --> Session: Class initialized using 'CodeIgniter\Session\Handlers\FileHandler' driver.
DEBUG - 2025-08-23 07:48:30 --> Session: Class initialized using 'CodeIgniter\Session\Handlers\FileHandler' driver.
DEBUG - 2025-08-23 07:48:35 --> Session: Class initialized using 'CodeIgniter\Session\Handlers\FileHandler' driver.
DEBUG - 2025-08-23 07:48:36 --> Session: Class initialized using 'CodeIgniter\Session\Handlers\FileHandler' driver.
INFO - 2025-08-23 07:48:38 --> CSRF token verified.
DEBUG - 2025-08-23 07:48:38 --> Session: Class initialized using 'CodeIgniter\Session\Handlers\FileHandler' driver.
DEBUG - 2025-08-23 07:48:38 --> Session: Class initialized using 'CodeIgniter\Session\Handlers\FileHandler' driver.
DEBUG - 2025-08-23 07:48:39 --> Session: Class initialized using 'CodeIgniter\Session\Handlers\FileHandler' driver.
INFO - 2025-08-23 07:48:41 --> CSRF token verified.
DEBUG - 2025-08-23 07:48:41 --> Session: Class initialized using 'CodeIgniter\Session\Handlers\FileHandler' driver.
DEBUG - 2025-08-23 07:48:41 --> Session: Class initialized using 'CodeIgniter\Session\Handlers\FileHandler' driver.
DEBUG - 2025-08-23 07:48:43 --> Session: Class initialized using 'CodeIgniter\Session\Handlers\FileHandler' driver.
DEBUG - 2025-08-23 07:48:51 --> Session: Class initialized using 'CodeIgniter\Session\Handlers\FileHandler' driver.
DEBUG - 2025-08-23 10:37:33 --> Session: Class initialized using 'CodeIgniter\Session\Handlers\FileHandler' driver.
DEBUG - 2025-08-23 10:37:33 --> Session: Class initialized using 'CodeIgniter\Session\Handlers\FileHandler' driver.
INFO - 2025-08-23 10:37:36 --> CSRF token verified.
DEBUG - 2025-08-23 10:37:36 --> Session: Class initialized using 'CodeIgniter\Session\Handlers\FileHandler' driver.
DEBUG - 2025-08-23 10:37:36 --> Session: Class initialized using 'CodeIgniter\Session\Handlers\FileHandler' driver.
DEBUG - 2025-08-23 10:37:37 --> Session: Class initialized using 'CodeIgniter\Session\Handlers\FileHandler' driver.
INFO - 2025-08-23 10:37:40 --> CSRF token verified.
DEBUG - 2025-08-23 10:37:40 --> Session: Class initialized using 'CodeIgniter\Session\Handlers\FileHandler' driver.
DEBUG - 2025-08-23 10:37:40 --> Session: Class initialized using 'CodeIgniter\Session\Handlers\FileHandler' driver.
DEBUG - 2025-08-23 10:37:40 --> Session: Class initialized using 'CodeIgniter\Session\Handlers\FileHandler' driver.
DEBUG - 2025-08-23 10:37:41 --> Komerce API Provinces Response: {"meta":{"message":"Success Get Province","code":200,"status":"success"},"data":[{"id":1,"name":"NUSA TENGGARA BARAT (NTB)"},{"id":2,"name":"MALUKU"},{"id":3,"name":"KALIMANTAN SELATAN"},{"id":4,"name":"KALIMANTAN TENGAH"},{"id":5,"name":"JAWA BARAT"},{"id":6,"name":"BENGKULU"},{"id":7,"name":"KALIMANTAN TIMUR"},{"id":8,"name":"KEPULAUAN RIAU"},{"id":9,"name":"NANGGROE ACEH DARUSSALAM (NAD)"},{"id":10,"name":"DKI JAKARTA"},{"id":11,"name":"BANTEN"},{"id":12,"name":"JAWA TENGAH"},{"id":13,"name":"JAMBI"},{"id":14,"name":"PAPUA"},{"id":15,"name":"BALI"},{"id":16,"name":"SUMATERA UTARA"},{"id":17,"name":"GORONTALO"},{"id":18,"name":"JAWA TIMUR"},{"id":19,"name":"DI YOGYAKARTA"},{"id":20,"name":"SULAWESI TENGGARA"},{"id":21,"name":"NUSA TENGGARA TIMUR (NTT)"},{"id":22,"name":"SULAWESI UTARA"},{"id":23,"name":"SUMATERA BARAT"},{"id":24,"name":"BANGKA BELITUNG"},{"id":25,"name":"RIAU"},{"id":26,"name":"SUMATERA SELATAN"},{"id":27,"name":"SULAWESI TENGAH"},{"id":28,"name":"KALIMANTAN BARAT"},{"id":29,"name":"PAPUA BARAT"},{"id":30,"name":"LAMPUNG"},{"id":31,"name":"KALIMANTAN UTARA"},{"id":32,"name":"MALUKU UTARA"},{"id":33,"name":"SULAWESI SELATAN"},{"id":34,"name":"SULAWESI BARAT"}]}
DEBUG - 2025-08-23 10:37:46 --> Session: Class initialized using 'CodeIgniter\Session\Handlers\FileHandler' driver.
DEBUG - 2025-08-23 10:37:47 --> Session: Class initialized using 'CodeIgniter\Session\Handlers\FileHandler' driver.
INFO - 2025-08-23 10:37:50 --> CSRF token verified.
DEBUG - 2025-08-23 10:37:50 --> Session: Class initialized using 'CodeIgniter\Session\Handlers\FileHandler' driver.
DEBUG - 2025-08-23 10:37:51 --> Session: Class initialized using 'CodeIgniter\Session\Handlers\FileHandler' driver.
DEBUG - 2025-08-23 10:37:51 --> Session: Class initialized using 'CodeIgniter\Session\Handlers\FileHandler' driver.
DEBUG - 2025-08-23 10:37:52 --> Komerce API Provinces Response: {"meta":{"message":"Success Get Province","code":200,"status":"success"},"data":[{"id":1,"name":"NUSA TENGGARA BARAT (NTB)"},{"id":2,"name":"MALUKU"},{"id":3,"name":"KALIMANTAN SELATAN"},{"id":4,"name":"KALIMANTAN TENGAH"},{"id":5,"name":"JAWA BARAT"},{"id":6,"name":"BENGKULU"},{"id":7,"name":"KALIMANTAN TIMUR"},{"id":8,"name":"KEPULAUAN RIAU"},{"id":9,"name":"NANGGROE ACEH DARUSSALAM (NAD)"},{"id":10,"name":"DKI JAKARTA"},{"id":11,"name":"BANTEN"},{"id":12,"name":"JAWA TENGAH"},{"id":13,"name":"JAMBI"},{"id":14,"name":"PAPUA"},{"id":15,"name":"BALI"},{"id":16,"name":"SUMATERA UTARA"},{"id":17,"name":"GORONTALO"},{"id":18,"name":"JAWA TIMUR"},{"id":19,"name":"DI YOGYAKARTA"},{"id":20,"name":"SULAWESI TENGGARA"},{"id":21,"name":"NUSA TENGGARA TIMUR (NTT)"},{"id":22,"name":"SULAWESI UTARA"},{"id":23,"name":"SUMATERA BARAT"},{"id":24,"name":"BANGKA BELITUNG"},{"id":25,"name":"RIAU"},{"id":26,"name":"SUMATERA SELATAN"},{"id":27,"name":"SULAWESI TENGAH"},{"id":28,"name":"KALIMANTAN BARAT"},{"id":29,"name":"PAPUA BARAT"},{"id":30,"name":"LAMPUNG"},{"id":31,"name":"KALIMANTAN UTARA"},{"id":32,"name":"MALUKU UTARA"},{"id":33,"name":"SULAWESI SELATAN"},{"id":34,"name":"SULAWESI BARAT"}]}
DEBUG - 2025-08-23 10:37:53 --> Komerce API Cities Response: {"meta":{"message":"Success Get City By Province ID","code":200,"status":"success"},"data":[{"id":256,"name":"JEMBER"},{"id":257,"name":"BANYUWANGI"},{"id":258,"name":"BONDOWOSO"},{"id":289,"name":"KEDIRI"},{"id":353,"name":"MADIUN"},{"id":355,"name":"MAGETAN"},{"id":357,"name":"NGAWI"},{"id":359,"name":"PACITAN"},{"id":360,"name":"PONOROGO"},{"id":388,"name":"MOJOKERTO"},{"id":389,"name":"JOMBANG"},{"id":390,"name":"NGANJUK"},{"id":391,"name":"MALANG"},{"id":392,"name":"BLITAR"},{"id":393,"name":"BATU"},{"id":394,"name":"PROBOLINGGO"},{"id":395,"name":"LUMAJANG"},{"id":396,"name":"SITUBONDO"},{"id":531,"name":"PASURUAN"},{"id":566,"name":"BOJONEGORO"},{"id":577,"name":"SURABAYA"},{"id":578,"name":"GRESIK"},{"id":579,"name":"LAMONGAN"},{"id":580,"name":"BANGKALAN"},{"id":581,"name":"PAMEKASAN"},{"id":582,"name":"SAMPANG"},{"id":583,"name":"SIDOARJO"},{"id":584,"name":"SUMENEP"},{"id":585,"name":"TUBAN"},{"id":586,"name":"TULUNGAGUNG"},{"id":587,"name":"TRENGGALEK"}]}
DEBUG - 2025-08-23 10:37:56 --> Komerce API Cost Response: {"meta":{"message":"Success Calculate Domestic Shipping cost","code":200,"status":"success"},"data":[{"name":"Jalur Nugraha Ekakurir (JNE)","code":"jne","service":"REG","description":"Layanan Reguler","cost":81000,"etd":"6 day"}]}
INFO - 2025-08-23 10:37:58 --> CSRF token verified.
DEBUG - 2025-08-23 10:37:58 --> Session: Class initialized using 'CodeIgniter\Session\Handlers\FileHandler' driver.
INFO - 2025-08-23 10:38:03 --> [Midtrans Notif] Received notification for Order ID: OTELA-1755945478-5 with status: pending
INFO - 2025-08-23 10:38:37 --> [Midtrans Notif] Received notification for Order ID: OTELA-1755945478-5 with status: settlement
INFO - 2025-08-23 10:38:37 --> [Midtrans Notif] Payment success for Order ID: OTELA-1755945478-5. Processing stock reduction.
DEBUG - 2025-08-23 10:38:37 --> [Stock Check] For Order ID OTELA-1755945478-5, Bahan 'Singkong': Jumlah Lama = 8000, Jumlah Baru = 3000, Status Baru = Tersedia.
DEBUG - 2025-08-23 10:38:37 --> [Stock Check] For Order ID OTELA-1755945478-5, Bahan 'Daun Bawang': Jumlah Lama = 88738049, Jumlah Baru = 88736799, Status Baru = Tersedia.
DEBUG - 2025-08-23 10:38:37 --> [Stock Check] For Order ID OTELA-1755945478-5, Bahan 'Cikur': Jumlah Lama = 61501337, Jumlah Baru = 61500837, Status Baru = Tersedia.
DEBUG - 2025-08-23 10:38:37 --> [Stock Check] For Order ID OTELA-1755945478-5, Bahan 'Garam': Jumlah Lama = 9982160, Jumlah Baru = 9981160, Status Baru = Tersedia.
DEBUG - 2025-08-23 10:38:41 --> Session: Class initialized using 'CodeIgniter\Session\Handlers\FileHandler' driver.
DEBUG - 2025-08-23 10:55:38 --> Session: Class initialized using 'CodeIgniter\Session\Handlers\FileHandler' driver.
DEBUG - 2025-08-23 10:55:38 --> Session: Class initialized using 'CodeIgniter\Session\Handlers\FileHandler' driver.
DEBUG - 2025-08-23 10:55:40 --> Session: Class initialized using 'CodeIgniter\Session\Handlers\FileHandler' driver.
INFO - 2025-08-23 10:56:59 --> CSRF token verified.
DEBUG - 2025-08-23 10:56:59 --> Session: Class initialized using 'CodeIgniter\Session\Handlers\FileHandler' driver.
DEBUG - 2025-08-23 10:56:59 --> Session: Class initialized using 'CodeIgniter\Session\Handlers\FileHandler' driver.
DEBUG - 2025-08-23 10:57:13 --> Session: Class initialized using 'CodeIgniter\Session\Handlers\FileHandler' driver.
DEBUG - 2025-08-23 10:57:15 --> Session: Class initialized using 'CodeIgniter\Session\Handlers\FileHandler' driver.
DEBUG - 2025-08-23 10:57:29 --> Session: Class initialized using 'CodeIgniter\Session\Handlers\FileHandler' driver.
DEBUG - 2025-08-23 10:57:31 --> Session: Class initialized using 'CodeIgniter\Session\Handlers\FileHandler' driver.
INFO - 2025-08-23 10:58:23 --> CSRF token verified.
DEBUG - 2025-08-23 10:58:23 --> Session: Class initialized using 'CodeIgniter\Session\Handlers\FileHandler' driver.
DEBUG - 2025-08-23 10:58:23 --> Session: Class initialized using 'CodeIgniter\Session\Handlers\FileHandler' driver.
DEBUG - 2025-08-23 10:58:38 --> Session: Class initialized using 'CodeIgniter\Session\Handlers\FileHandler' driver.
DEBUG - 2025-08-23 10:58:40 --> Session: Class initialized using 'CodeIgniter\Session\Handlers\FileHandler' driver.
DEBUG - 2025-08-23 10:58:41 --> Session: Class initialized using 'CodeIgniter\Session\Handlers\FileHandler' driver.
DEBUG - 2025-08-23 10:58:59 --> Session: Class initialized using 'CodeIgniter\Session\Handlers\FileHandler' driver.
INFO - 2025-08-23 10:59:04 --> CSRF token verified.
DEBUG - 2025-08-23 10:59:04 --> Session: Class initialized using 'CodeIgniter\Session\Handlers\FileHandler' driver.
DEBUG - 2025-08-23 10:59:04 --> Session: Class initialized using 'CodeIgniter\Session\Handlers\FileHandler' driver.
DEBUG - 2025-08-23 11:01:15 --> Session: Class initialized using 'CodeIgniter\Session\Handlers\FileHandler' driver.
INFO - 2025-08-23 11:01:23 --> CSRF token verified.
DEBUG - 2025-08-23 11:01:23 --> Session: Class initialized using 'CodeIgniter\Session\Handlers\FileHandler' driver.
DEBUG - 2025-08-23 11:01:23 --> Session: Class initialized using 'CodeIgniter\Session\Handlers\FileHandler' driver.
DEBUG - 2025-08-23 11:05:40 --> Session: Class initialized using 'CodeIgniter\Session\Handlers\FileHandler' driver.
CRITICAL - 2025-08-23 11:05:40 --> ErrorException: Trying to access array offset on value of type null
[Method: GET, Route: register]
in APPPATH\Views\header.php on line 21.
 1 APPPATH\Views\header.php(21): CodeIgniter\Debug\Exceptions->errorHandler(2, 'Trying to access array offset on value of type null', 'C:\\xampp\\htdocs\\otela\\app\\Views\\header.php', 21)
 2 SYSTEMPATH\View\View.php(224): include('C:\\xampp\\htdocs\\otela\\app\\Views\\header.php')
 3 SYSTEMPATH\View\View.php(227): CodeIgniter\View\View->CodeIgniter\View\{closure}()
 4 SYSTEMPATH\View\View.php(475): CodeIgniter\View\View->render('header', null, true)
 5 APPPATH\Views\layout.php(11): CodeIgniter\View\View->include('header')
 6 SYSTEMPATH\View\View.php(224): include('C:\\xampp\\htdocs\\otela\\app\\Views\\layout.php')
 7 SYSTEMPATH\View\View.php(227): CodeIgniter\View\View->CodeIgniter\View\{closure}()
 8 SYSTEMPATH\View\View.php(240): CodeIgniter\View\View->render('layout', [], true)
 9 SYSTEMPATH\Common.php(1173): CodeIgniter\View\View->render('register', [], true)
10 APPPATH\Controllers\Auth.php(15): view('register')
11 SYSTEMPATH\CodeIgniter.php(933): App\Controllers\Auth->register()
12 SYSTEMPATH\CodeIgniter.php(507): CodeIgniter\CodeIgniter->runController(Object(App\Controllers\Auth))
13 SYSTEMPATH\CodeIgniter.php(354): CodeIgniter\CodeIgniter->handleRequest(null, Object(Config\Cache), false)
14 SYSTEMPATH\Boot.php(334): CodeIgniter\CodeIgniter->run()
15 SYSTEMPATH\Boot.php(67): CodeIgniter\Boot::runCodeIgniter(Object(CodeIgniter\CodeIgniter))
16 FCPATH\index.php(59): CodeIgniter\Boot::bootWeb(Object(Config\Paths))
DEBUG - 2025-08-23 11:06:03 --> Session: Class initialized using 'CodeIgniter\Session\Handlers\FileHandler' driver.
CRITICAL - 2025-08-23 11:06:03 --> ErrorException: Trying to access array offset on value of type null
[Method: GET, Route: register]
in APPPATH\Views\header.php on line 21.
 1 APPPATH\Views\header.php(21): CodeIgniter\Debug\Exceptions->errorHandler(2, 'Trying to access array offset on value of type null', 'C:\\xampp\\htdocs\\otela\\app\\Views\\header.php', 21)
 2 SYSTEMPATH\View\View.php(224): include('C:\\xampp\\htdocs\\otela\\app\\Views\\header.php')
 3 SYSTEMPATH\View\View.php(227): CodeIgniter\View\View->CodeIgniter\View\{closure}()
 4 SYSTEMPATH\View\View.php(475): CodeIgniter\View\View->render('header', null, true)
 5 APPPATH\Views\layout.php(11): CodeIgniter\View\View->include('header')
 6 SYSTEMPATH\View\View.php(224): include('C:\\xampp\\htdocs\\otela\\app\\Views\\layout.php')
 7 SYSTEMPATH\View\View.php(227): CodeIgniter\View\View->CodeIgniter\View\{closure}()
 8 SYSTEMPATH\View\View.php(240): CodeIgniter\View\View->render('layout', [], true)
 9 SYSTEMPATH\Common.php(1173): CodeIgniter\View\View->render('register', [], true)
10 APPPATH\Controllers\Auth.php(15): view('register')
11 SYSTEMPATH\CodeIgniter.php(933): App\Controllers\Auth->register()
12 SYSTEMPATH\CodeIgniter.php(507): CodeIgniter\CodeIgniter->runController(Object(App\Controllers\Auth))
13 SYSTEMPATH\CodeIgniter.php(354): CodeIgniter\CodeIgniter->handleRequest(null, Object(Config\Cache), false)
14 SYSTEMPATH\Boot.php(334): CodeIgniter\CodeIgniter->run()
15 SYSTEMPATH\Boot.php(67): CodeIgniter\Boot::runCodeIgniter(Object(CodeIgniter\CodeIgniter))
16 FCPATH\index.php(59): CodeIgniter\Boot::bootWeb(Object(Config\Paths))
DEBUG - 2025-08-23 11:06:05 --> Session: Class initialized using 'CodeIgniter\Session\Handlers\FileHandler' driver.
DEBUG - 2025-08-23 11:06:06 --> Session: Class initialized using 'CodeIgniter\Session\Handlers\FileHandler' driver.
CRITICAL - 2025-08-23 11:06:06 --> ErrorException: Trying to access array offset on value of type null
[Method: GET, Route: register]
in APPPATH\Views\header.php on line 21.
 1 APPPATH\Views\header.php(21): CodeIgniter\Debug\Exceptions->errorHandler(2, 'Trying to access array offset on value of type null', 'C:\\xampp\\htdocs\\otela\\app\\Views\\header.php', 21)
 2 SYSTEMPATH\View\View.php(224): include('C:\\xampp\\htdocs\\otela\\app\\Views\\header.php')
 3 SYSTEMPATH\View\View.php(227): CodeIgniter\View\View->CodeIgniter\View\{closure}()
 4 SYSTEMPATH\View\View.php(475): CodeIgniter\View\View->render('header', null, true)
 5 APPPATH\Views\layout.php(11): CodeIgniter\View\View->include('header')
 6 SYSTEMPATH\View\View.php(224): include('C:\\xampp\\htdocs\\otela\\app\\Views\\layout.php')
 7 SYSTEMPATH\View\View.php(227): CodeIgniter\View\View->CodeIgniter\View\{closure}()
 8 SYSTEMPATH\View\View.php(240): CodeIgniter\View\View->render('layout', [], true)
 9 SYSTEMPATH\Common.php(1173): CodeIgniter\View\View->render('register', [], true)
10 APPPATH\Controllers\Auth.php(15): view('register')
11 SYSTEMPATH\CodeIgniter.php(933): App\Controllers\Auth->register()
12 SYSTEMPATH\CodeIgniter.php(507): CodeIgniter\CodeIgniter->runController(Object(App\Controllers\Auth))
13 SYSTEMPATH\CodeIgniter.php(354): CodeIgniter\CodeIgniter->handleRequest(null, Object(Config\Cache), false)
14 SYSTEMPATH\Boot.php(334): CodeIgniter\CodeIgniter->run()
15 SYSTEMPATH\Boot.php(67): CodeIgniter\Boot::runCodeIgniter(Object(CodeIgniter\CodeIgniter))
16 FCPATH\index.php(59): CodeIgniter\Boot::bootWeb(Object(Config\Paths))
DEBUG - 2025-08-23 11:07:24 --> Session: Class initialized using 'CodeIgniter\Session\Handlers\FileHandler' driver.
CRITICAL - 2025-08-23 11:07:24 --> ErrorException: Trying to access array offset on value of type null
[Method: GET, Route: register]
in APPPATH\Views\header.php on line 21.
 1 APPPATH\Views\header.php(21): CodeIgniter\Debug\Exceptions->errorHandler(2, 'Trying to access array offset on value of type null', 'C:\\xampp\\htdocs\\otela\\app\\Views\\header.php', 21)
 2 SYSTEMPATH\View\View.php(224): include('C:\\xampp\\htdocs\\otela\\app\\Views\\header.php')
 3 SYSTEMPATH\View\View.php(227): CodeIgniter\View\View->CodeIgniter\View\{closure}()
 4 SYSTEMPATH\View\View.php(475): CodeIgniter\View\View->render('header', null, true)
 5 APPPATH\Views\layout.php(13): CodeIgniter\View\View->include('header')
 6 SYSTEMPATH\View\View.php(224): include('C:\\xampp\\htdocs\\otela\\app\\Views\\layout.php')
 7 SYSTEMPATH\View\View.php(227): CodeIgniter\View\View->CodeIgniter\View\{closure}()
 8 SYSTEMPATH\View\View.php(240): CodeIgniter\View\View->render('layout', [], true)
 9 SYSTEMPATH\Common.php(1173): CodeIgniter\View\View->render('register', [], true)
10 APPPATH\Controllers\Auth.php(15): view('register')
11 SYSTEMPATH\CodeIgniter.php(933): App\Controllers\Auth->register()
12 SYSTEMPATH\CodeIgniter.php(507): CodeIgniter\CodeIgniter->runController(Object(App\Controllers\Auth))
13 SYSTEMPATH\CodeIgniter.php(354): CodeIgniter\CodeIgniter->handleRequest(null, Object(Config\Cache), false)
14 SYSTEMPATH\Boot.php(334): CodeIgniter\CodeIgniter->run()
15 SYSTEMPATH\Boot.php(67): CodeIgniter\Boot::runCodeIgniter(Object(CodeIgniter\CodeIgniter))
16 FCPATH\index.php(59): CodeIgniter\Boot::bootWeb(Object(Config\Paths))
DEBUG - 2025-08-23 11:07:25 --> Session: Class initialized using 'CodeIgniter\Session\Handlers\FileHandler' driver.
CRITICAL - 2025-08-23 11:07:25 --> ErrorException: Trying to access array offset on value of type null
[Method: GET, Route: register]
in APPPATH\Views\header.php on line 21.
 1 APPPATH\Views\header.php(21): CodeIgniter\Debug\Exceptions->errorHandler(2, 'Trying to access array offset on value of type null', 'C:\\xampp\\htdocs\\otela\\app\\Views\\header.php', 21)
 2 SYSTEMPATH\View\View.php(224): include('C:\\xampp\\htdocs\\otela\\app\\Views\\header.php')
 3 SYSTEMPATH\View\View.php(227): CodeIgniter\View\View->CodeIgniter\View\{closure}()
 4 SYSTEMPATH\View\View.php(475): CodeIgniter\View\View->render('header', null, true)
 5 APPPATH\Views\layout.php(13): CodeIgniter\View\View->include('header')
 6 SYSTEMPATH\View\View.php(224): include('C:\\xampp\\htdocs\\otela\\app\\Views\\layout.php')
 7 SYSTEMPATH\View\View.php(227): CodeIgniter\View\View->CodeIgniter\View\{closure}()
 8 SYSTEMPATH\View\View.php(240): CodeIgniter\View\View->render('layout', [], true)
 9 SYSTEMPATH\Common.php(1173): CodeIgniter\View\View->render('register', [], true)
10 APPPATH\Controllers\Auth.php(15): view('register')
11 SYSTEMPATH\CodeIgniter.php(933): App\Controllers\Auth->register()
12 SYSTEMPATH\CodeIgniter.php(507): CodeIgniter\CodeIgniter->runController(Object(App\Controllers\Auth))
13 SYSTEMPATH\CodeIgniter.php(354): CodeIgniter\CodeIgniter->handleRequest(null, Object(Config\Cache), false)
14 SYSTEMPATH\Boot.php(334): CodeIgniter\CodeIgniter->run()
15 SYSTEMPATH\Boot.php(67): CodeIgniter\Boot::runCodeIgniter(Object(CodeIgniter\CodeIgniter))
16 FCPATH\index.php(59): CodeIgniter\Boot::bootWeb(Object(Config\Paths))
DEBUG - 2025-08-23 11:11:51 --> Session: Class initialized using 'CodeIgniter\Session\Handlers\FileHandler' driver.
DEBUG - 2025-08-23 11:12:25 --> Session: Class initialized using 'CodeIgniter\Session\Handlers\FileHandler' driver.
DEBUG - 2025-08-23 11:12:25 --> Session: Class initialized using 'CodeIgniter\Session\Handlers\FileHandler' driver.
INFO - 2025-08-23 11:12:32 --> CSRF token verified.
DEBUG - 2025-08-23 11:12:32 --> Session: Class initialized using 'CodeIgniter\Session\Handlers\FileHandler' driver.
DEBUG - 2025-08-23 11:12:32 --> Session: Class initialized using 'CodeIgniter\Session\Handlers\FileHandler' driver.
INFO - 2025-08-23 11:12:38 --> CSRF token verified.
DEBUG - 2025-08-23 11:12:38 --> Session: Class initialized using 'CodeIgniter\Session\Handlers\FileHandler' driver.
DEBUG - 2025-08-23 11:12:38 --> Session: Class initialized using 'CodeIgniter\Session\Handlers\FileHandler' driver.
DEBUG - 2025-08-23 11:12:42 --> Session: Class initialized using 'CodeIgniter\Session\Handlers\FileHandler' driver.
DEBUG - 2025-08-23 11:12:45 --> Session: Class initialized using 'CodeIgniter\Session\Handlers\FileHandler' driver.
INFO - 2025-08-23 11:12:51 --> CSRF token verified.
DEBUG - 2025-08-23 11:12:51 --> Session: Class initialized using 'CodeIgniter\Session\Handlers\FileHandler' driver.
DEBUG - 2025-08-23 11:12:51 --> Session: Class initialized using 'CodeIgniter\Session\Handlers\FileHandler' driver.
DEBUG - 2025-08-23 11:17:09 --> Session: Class initialized using 'CodeIgniter\Session\Handlers\FileHandler' driver.
INFO - 2025-08-23 11:17:37 --> CSRF token verified.
DEBUG - 2025-08-23 11:17:37 --> Session: Class initialized using 'CodeIgniter\Session\Handlers\FileHandler' driver.
DEBUG - 2025-08-23 11:17:37 --> Session: Class initialized using 'CodeIgniter\Session\Handlers\FileHandler' driver.
DEBUG - 2025-08-23 11:18:14 --> Session: Class initialized using 'CodeIgniter\Session\Handlers\FileHandler' driver.
INFO - 2025-08-23 11:18:21 --> CSRF token verified.
INFO - 2025-08-23 11:19:52 --> CSRF token verified.
DEBUG - 2025-08-23 11:19:53 --> Session: Class initialized using 'CodeIgniter\Session\Handlers\FileHandler' driver.
INFO - 2025-08-23 11:19:55 --> CSRF token verified.
INFO - 2025-08-23 11:20:07 --> CSRF token verified.
DEBUG - 2025-08-23 11:20:07 --> Session: Class initialized using 'CodeIgniter\Session\Handlers\FileHandler' driver.
DEBUG - 2025-08-23 11:20:07 --> Session: Class initialized using 'CodeIgniter\Session\Handlers\FileHandler' driver.
DEBUG - 2025-08-23 11:20:15 --> Session: Class initialized using 'CodeIgniter\Session\Handlers\FileHandler' driver.
INFO - 2025-08-23 11:20:40 --> CSRF token verified.
DEBUG - 2025-08-23 11:20:41 --> Session: Class initialized using 'CodeIgniter\Session\Handlers\FileHandler' driver.
DEBUG - 2025-08-23 11:20:41 --> Session: Class initialized using 'CodeIgniter\Session\Handlers\FileHandler' driver.
DEBUG - 2025-08-23 11:21:00 --> Session: Class initialized using 'CodeIgniter\Session\Handlers\FileHandler' driver.
DEBUG - 2025-08-23 11:21:00 --> Session: Class initialized using 'CodeIgniter\Session\Handlers\FileHandler' driver.
INFO - 2025-08-23 11:21:19 --> CSRF token verified.
DEBUG - 2025-08-23 11:21:19 --> Session: Class initialized using 'CodeIgniter\Session\Handlers\FileHandler' driver.
DEBUG - 2025-08-23 11:21:19 --> Session: Class initialized using 'CodeIgniter\Session\Handlers\FileHandler' driver.
DEBUG - 2025-08-23 11:21:57 --> Session: Class initialized using 'CodeIgniter\Session\Handlers\FileHandler' driver.
INFO - 2025-08-23 11:22:23 --> CSRF token verified.
DEBUG - 2025-08-23 11:22:24 --> Session: Class initialized using 'CodeIgniter\Session\Handlers\FileHandler' driver.
DEBUG - 2025-08-23 11:22:24 --> Session: Class initialized using 'CodeIgniter\Session\Handlers\FileHandler' driver.
DEBUG - 2025-08-23 11:22:49 --> Session: Class initialized using 'CodeIgniter\Session\Handlers\FileHandler' driver.
DEBUG - 2025-08-23 11:22:49 --> Session: Class initialized using 'CodeIgniter\Session\Handlers\FileHandler' driver.
DEBUG - 2025-08-23 11:25:16 --> Session: Class initialized using 'CodeIgniter\Session\Handlers\FileHandler' driver.
DEBUG - 2025-08-23 11:25:19 --> Session: Class initialized using 'CodeIgniter\Session\Handlers\FileHandler' driver.
INFO - 2025-08-23 11:25:57 --> CSRF token verified.
DEBUG - 2025-08-23 11:25:57 --> Session: Class initialized using 'CodeIgniter\Session\Handlers\FileHandler' driver.
DEBUG - 2025-08-23 11:25:58 --> Session: Class initialized using 'CodeIgniter\Session\Handlers\FileHandler' driver.
DEBUG - 2025-08-23 11:26:16 --> Session: Class initialized using 'CodeIgniter\Session\Handlers\FileHandler' driver.
DEBUG - 2025-08-23 11:26:16 --> Session: Class initialized using 'CodeIgniter\Session\Handlers\FileHandler' driver.
INFO - 2025-08-23 11:26:25 --> CSRF token verified.
DEBUG - 2025-08-23 11:26:25 --> Session: Class initialized using 'CodeIgniter\Session\Handlers\FileHandler' driver.
DEBUG - 2025-08-23 11:26:26 --> Session: Class initialized using 'CodeIgniter\Session\Handlers\FileHandler' driver.
INFO - 2025-08-23 11:26:31 --> CSRF token verified.
DEBUG - 2025-08-23 11:26:31 --> Session: Class initialized using 'CodeIgniter\Session\Handlers\FileHandler' driver.
DEBUG - 2025-08-23 11:26:32 --> Session: Class initialized using 'CodeIgniter\Session\Handlers\FileHandler' driver.
INFO - 2025-08-23 11:26:42 --> CSRF token verified.
DEBUG - 2025-08-23 11:26:42 --> Session: Class initialized using 'CodeIgniter\Session\Handlers\FileHandler' driver.
DEBUG - 2025-08-23 11:26:42 --> Session: Class initialized using 'CodeIgniter\Session\Handlers\FileHandler' driver.
DEBUG - 2025-08-23 11:26:52 --> Session: Class initialized using 'CodeIgniter\Session\Handlers\FileHandler' driver.
DEBUG - 2025-08-23 11:26:53 --> Session: Class initialized using 'CodeIgniter\Session\Handlers\FileHandler' driver.
DEBUG - 2025-08-23 11:27:11 --> Session: Class initialized using 'CodeIgniter\Session\Handlers\FileHandler' driver.
INFO - 2025-08-23 11:27:31 --> CSRF token verified.
DEBUG - 2025-08-23 11:27:33 --> Session: Class initialized using 'CodeIgniter\Session\Handlers\FileHandler' driver.
DEBUG - 2025-08-23 11:27:33 --> Session: Class initialized using 'CodeIgniter\Session\Handlers\FileHandler' driver.
DEBUG - 2025-08-23 11:27:57 --> Session: Class initialized using 'CodeIgniter\Session\Handlers\FileHandler' driver.
INFO - 2025-08-23 11:28:29 --> CSRF token verified.
DEBUG - 2025-08-23 11:28:29 --> Session: Class initialized using 'CodeIgniter\Session\Handlers\FileHandler' driver.
DEBUG - 2025-08-23 11:28:30 --> Session: Class initialized using 'CodeIgniter\Session\Handlers\FileHandler' driver.
DEBUG - 2025-08-23 11:28:35 --> Session: Class initialized using 'CodeIgniter\Session\Handlers\FileHandler' driver.
INFO - 2025-08-23 11:29:04 --> CSRF token verified.
DEBUG - 2025-08-23 11:29:05 --> Session: Class initialized using 'CodeIgniter\Session\Handlers\FileHandler' driver.
DEBUG - 2025-08-23 11:29:05 --> Session: Class initialized using 'CodeIgniter\Session\Handlers\FileHandler' driver.
DEBUG - 2025-08-23 11:29:23 --> Session: Class initialized using 'CodeIgniter\Session\Handlers\FileHandler' driver.
DEBUG - 2025-08-23 11:29:24 --> Session: Class initialized using 'CodeIgniter\Session\Handlers\FileHandler' driver.
INFO - 2025-08-23 11:29:34 --> CSRF token verified.
DEBUG - 2025-08-23 11:29:34 --> Session: Class initialized using 'CodeIgniter\Session\Handlers\FileHandler' driver.
DEBUG - 2025-08-23 11:29:35 --> Session: Class initialized using 'CodeIgniter\Session\Handlers\FileHandler' driver.
